Log file open, 10/27/21 15:13:27
LogWindows: Failed to load 'aqProf.dll' (GetLastError=126)
LogWindows: File 'aqProf.dll' does not exist
LogWindows: Failed to load 'VtuneApi.dll' (GetLastError=126)
LogWindows: File 'VtuneApi.dll' does not exist
LogWindows: Failed to load 'VtuneApi32e.dll' (GetLastError=126)
LogWindows: File 'VtuneApi32e.dll' does not exist
LogConsoleResponse: Display: Failed to find resolution value strings in scalability ini. Falling back to default.
LogConsoleResponse: Display: Failed to find resolution value strings in scalability ini. Falling back to default.
LogInit: Display: Running engine for game: FlowerSim
LogPlatformFile: Not using cached read wrapper
LogTaskGraph: Started task graph with 5 named threads and 23 total threads with 3 sets of task threads.
LogStats: Stats thread started at 1.569157
LogICUInternationalization: ICU TimeZone Detection - Raw Offset: +0:00, Platform Override: ''
LogInit: Display: Loading text-based GConfig....
LogPluginManager: Mounting plugin MeshPainting
LogPluginManager: Mounting plugin XGEController
LogPluginManager: Mounting plugin Paper2D
LogPluginManager: Mounting plugin LiveLink
LogPluginManager: Mounting plugin AISupport
LogPluginManager: Mounting plugin CameraShakePreviewer
LogPluginManager: Mounting plugin LightPropagationVolume
LogPluginManager: Mounting plugin EnvironmentQueryEditor
LogPluginManager: Mounting plugin OodleData
LogPluginManager: Mounting plugin OodleNetwork
LogPluginManager: Mounting plugin GameplayCameras
LogPluginManager: Mounting plugin CryptoKeys
LogPluginManager: Mounting plugin CurveEditorTools
LogPluginManager: Mounting plugin DataValidation
LogPluginManager: Mounting plugin FacialAnimation
LogPluginManager: Mounting plugin GameplayTagsEditor
LogPluginManager: Mounting plugin AssetManagerEditor
LogPluginManager: Mounting plugin GeometryMode
LogPluginManager: Mounting plugin MacGraphicsSwitching
LogPluginManager: Mounting plugin MaterialAnalyzer
LogPluginManager: Mounting plugin MobileLauncherProfileWizard
LogPluginManager: Mounting plugin PluginBrowser
LogPluginManager: Mounting plugin SpeedTreeImporter
LogPluginManager: Mounting plugin DatasmithContent
LogPluginManager: Mounting plugin AnimationSharing
LogPluginManager: Mounting plugin CLionSourceCodeAccess
LogPluginManager: Mounting plugin CodeLiteSourceCodeAccess
LogPluginManager: Mounting plugin VariantManagerContent
LogPluginManager: Mounting plugin GitSourceControl
LogPluginManager: Mounting plugin NullSourceCodeAccess
LogPluginManager: Mounting plugin KDevelopSourceCodeAccess
LogPluginManager: Mounting plugin PerforceSourceControl
LogPluginManager: Mounting plugin PixWinPlugin
LogPluginManager: Mounting plugin PlasticSourceControl
LogPluginManager: Mounting plugin PluginUtils
LogPluginManager: Mounting plugin PropertyAccessNode
LogPluginManager: Mounting plugin RiderSourceCodeAccess
LogPluginManager: Mounting plugin TextureFormatOodle
LogPluginManager: Mounting plugin SubversionSourceControl
LogPluginManager: Mounting plugin UObjectPlugin
LogPluginManager: Mounting plugin VisualStudioCodeSourceCodeAccess
LogPluginManager: Mounting plugin XCodeSourceCodeAccess
LogPluginManager: Mounting plugin VisualStudioSourceCodeAccess
LogPluginManager: Mounting plugin LuminPlatformFeatures
LogPluginManager: Mounting plugin Niagara
LogPluginManager: Mounting plugin MagicLeap
LogPluginManager: Mounting plugin MagicLeapLightEstimation
LogPluginManager: Mounting plugin MagicLeapMedia
LogPluginManager: Mounting plugin MLSDK
LogPluginManager: Mounting plugin MagicLeapPassableWorld
LogPluginManager: Mounting plugin AndroidMedia
LogPluginManager: Mounting plugin AvfMedia
LogPluginManager: Mounting plugin ImgMedia
LogPluginManager: Mounting plugin MediaCompositing
LogPluginManager: Mounting plugin MediaPlayerEditor
LogPluginManager: Mounting plugin WebMMedia
LogPluginManager: Mounting plugin WmfMedia
LogPluginManager: Mounting plugin AlembicImporter
LogPluginManager: Mounting plugin AutomationUtils
LogPluginManager: Mounting plugin BackChannel
LogPluginManager: Mounting plugin ChaosCloth
LogPluginManager: Mounting plugin ChaosClothEditor
LogPluginManager: Mounting plugin ChaosEditor
LogPluginManager: Mounting plugin ChaosNiagara
LogPluginManager: Mounting plugin ChaosSolverPlugin
LogPluginManager: Mounting plugin CharacterAI
LogPluginManager: Mounting plugin GeometryCache
LogPluginManager: Mounting plugin GeometryCollectionPlugin
LogPluginManager: Mounting plugin UdpMessaging
LogPluginManager: Mounting plugin TcpMessaging
LogPluginManager: Mounting plugin ActorSequence
LogPluginManager: Mounting plugin LevelSequenceEditor
LogPluginManager: Mounting plugin MatineeToLevelSequence
LogPluginManager: Mounting plugin TemplateSequence
LogPluginManager: Mounting plugin GeometryProcessing
LogPluginManager: Mounting plugin MotoSynth
LogPluginManager: Mounting plugin OpenImageDenoise
LogPluginManager: Mounting plugin PythonScriptPlugin
LogPluginManager: Mounting plugin PlanarCut
LogPluginManager: Mounting plugin PlatformCrypto
LogPluginManager: Mounting plugin ProxyLODPlugin
LogPluginManager: Mounting plugin SkeletalReduction
LogPluginManager: Mounting plugin OnlineSubsystem
LogPluginManager: Mounting plugin OnlineSubsystemNull
LogPluginManager: Mounting plugin OnlineSubsystemUtils
LogPluginManager: Mounting plugin LauncherChunkInstaller
LogPluginManager: Mounting plugin ScreenshotTools
LogPluginManager: Mounting plugin Takes
LogPluginManager: Mounting plugin ActorLayerUtilities
LogPluginManager: Mounting plugin AndroidDeviceProfileSelector
LogPluginManager: Mounting plugin AndroidMoviePlayer
LogPluginManager: Mounting plugin AndroidPermission
LogPluginManager: Mounting plugin AppleImageUtils
LogPluginManager: Mounting plugin AppleMoviePlayer
LogPluginManager: Mounting plugin ArchVisCharacter
LogPluginManager: Mounting plugin AssetTags
LogPluginManager: Mounting plugin AudioCapture
LogPluginManager: Mounting plugin AudioSynesthesia
LogPluginManager: Mounting plugin CableComponent
LogPluginManager: Mounting plugin CustomMeshComponent
LogPluginManager: Mounting plugin ChunkDownloader
LogPluginManager: Mounting plugin ExampleDeviceProfileSelector
LogPluginManager: Mounting plugin EditableMesh
LogPluginManager: Mounting plugin GoogleCloudMessaging
LogPluginManager: Mounting plugin GooglePAD
LogPluginManager: Mounting plugin LinuxDeviceProfileSelector
LogPluginManager: Mounting plugin IOSDeviceProfileSelector
LogPluginManager: Mounting plugin LocationServicesBPLibrary
LogPluginManager: Mounting plugin MobilePatchingUtils
LogPluginManager: Mounting plugin OpenXREyeTracker
LogPluginManager: Mounting plugin OpenXRHandTracking
LogPluginManager: Mounting plugin OpenXR
LogPluginManager: Mounting plugin PostSplashScreen
LogPluginManager: Mounting plugin PhysXVehicles
LogPluginManager: Mounting plugin ProceduralMeshComponent
LogPluginManager: Mounting plugin PropertyAccessEditor
LogPluginManager: Mounting plugin RuntimePhysXCooking
LogPluginManager: Mounting plugin SignificanceManager
LogPluginManager: Mounting plugin SoundFields
LogPluginManager: Mounting plugin Synthesis
LogPluginManager: Mounting plugin WebMMoviePlayer
LogPluginManager: Mounting plugin WindowsMoviePlayer
LogPluginManager: Mounting plugin ContentBrowserAssetDataSource
LogPluginManager: Mounting plugin ContentBrowserClassDataSource
LogPluginManager: Mounting plugin ContentBrowserFileDataSource
LogPluginManager: Mounting plugin OnlineSubsystemGooglePlay
LogPluginManager: Mounting plugin OnlineSubsystemIOS
LogPluginManager: Mounting plugin OculusVR
LogPluginManager: Mounting plugin SteamVR
PixWinPlugin: PIX capture plugin failed to initialize! Check that the process is launched from PIX.
LogInit: Using libcurl 7.55.1-DEV
LogInit:  - built for x86_64-pc-win32
LogInit:  - supports SSL with OpenSSL/1.1.1
LogInit:  - supports HTTP deflate (compression) using libz 1.2.8
LogInit:  - other features:
LogInit:      CURL_VERSION_SSL
LogInit:      CURL_VERSION_LIBZ
LogInit:      CURL_VERSION_IPV6
LogInit:      CURL_VERSION_ASYNCHDNS
LogInit:      CURL_VERSION_LARGEFILE
LogInit:      CURL_VERSION_IDN
LogInit:  CurlRequestOptions (configurable via config and command line):
LogInit:  - bVerifyPeer = true  - Libcurl will verify peer certificate
LogInit:  - bUseHttpProxy = false  - Libcurl will NOT use HTTP proxy
LogInit:  - bDontReuseConnections = false  - Libcurl will reuse connections
LogInit:  - MaxHostConnections = 16  - Libcurl will limit the number of connections to a host
LogInit:  - LocalHostAddr = Default
LogInit:  - BufferSize = 65536
LogOnline: OSS: Creating online subsystem instance for: NULL
LogInit: WinSock: version 1.1 (2.2), MaxSocks=32767, MaxUdp=65467
LogOnline: OSS: TryLoadSubsystemAndSetDefault: Loaded subsystem for module [NULL]
LogOculusPluginWrapper: OculusPlugin initialized successfully
LogHMD: Failed initializing OVRPlugin 1.59.0
LogInit: Build: ++UE4+Release-4.27-CL-17735300
LogInit: Engine Version: 4.27.1-17735300+++UE4+Release-4.27
LogInit: Compatible Engine Version: 4.27.0-17155196+++UE4+Release-4.27
LogInit: Net CL: 17155196
LogInit: OS: Windows 10 (Release 2009) (), CPU: 11th Gen Intel(R) Core(TM) i5-1135G7 @ 2.40GHz, GPU: Intel(R) Iris(R) Xe Graphics
LogInit: Compiled (64-bit): Oct  6 2021 14:42:51
LogInit: Compiled with Visual C++: 19.24.28315.00
LogInit: Build Configuration: Development
LogInit: Branch Name: ++UE4+Release-4.27
LogInit: Command Line: 
LogInit: Base Directory: C:/Program Files/Epic Games/UE_4.27/Engine/Binaries/Win64/
LogInit: Allocator: TBB
LogInit: Installed Engine Build: 1
LogDevObjectVersion: Number of dev versions registered: 29
LogDevObjectVersion:   Dev-Blueprints (B0D832E4-1F89-4F0D-ACCF-7EB736FD4AA2): 10
LogDevObjectVersion:   Dev-Build (E1C64328-A22C-4D53-A36C-8E866417BD8C): 0
LogDevObjectVersion:   Dev-Core (375EC13C-06E4-48FB-B500-84F0262A717E): 4
LogDevObjectVersion:   Dev-Editor (E4B068ED-F494-42E9-A231-DA0B2E46BB41): 40
LogDevObjectVersion:   Dev-Framework (CFFC743F-43B0-4480-9391-14DF171D2073): 37
LogDevObjectVersion:   Dev-Mobile (B02B49B5-BB20-44E9-A304-32B752E40360): 3
LogDevObjectVersion:   Dev-Networking (A4E4105C-59A1-49B5-A7C5-40C4547EDFEE): 0
LogDevObjectVersion:   Dev-Online (39C831C9-5AE6-47DC-9A44-9C173E1C8E7C): 0
LogDevObjectVersion:   Dev-Physics (78F01B33-EBEA-4F98-B9B4-84EACCB95AA2): 14
LogDevObjectVersion:   Dev-Platform (6631380F-2D4D-43E0-8009-CF276956A95A): 0
LogDevObjectVersion:   Dev-Rendering (12F88B9F-8875-4AFC-A67C-D90C383ABD29): 45
LogDevObjectVersion:   Dev-Sequencer (7B5AE74C-D270-4C10-A958-57980B212A5A): 13
LogDevObjectVersion:   Dev-VR (D7296918-1DD6-4BDD-9DE2-64A83CC13884): 3
LogDevObjectVersion:   Dev-LoadTimes (C2A15278-BFE7-4AFE-6C17-90FF531DF755): 1
LogDevObjectVersion:   Private-Geometry (6EACA3D4-40EC-4CC1-B786-8BED09428FC5): 3
LogDevObjectVersion:   Dev-AnimPhys (29E575DD-E0A3-4627-9D10-D276232CDCEA): 17
LogDevObjectVersion:   Dev-Anim (AF43A65D-7FD3-4947-9873-3E8ED9C1BB05): 15
LogDevObjectVersion:   Dev-ReflectionCapture (6B266CEC-1EC7-4B8F-A30B-E4D90942FC07): 1
LogDevObjectVersion:   Dev-Automation (0DF73D61-A23F-47EA-B727-89E90C41499A): 1
LogDevObjectVersion:   FortniteMain (601D1886-AC64-4F84-AA16-D3DE0DEAC7D6): 47
LogDevObjectVersion:   FortniteRelease (E7086368-6B23-4C58-8439-1B7016265E91): 1
LogDevObjectVersion:   Dev-Enterprise (9DFFBCD6-494F-0158-E221-12823C92A888): 10
LogDevObjectVersion:   Dev-Niagara (F2AED0AC-9AFE-416F-8664-AA7FFA26D6FC): 1
LogDevObjectVersion:   Dev-Destruction (174F1F0B-B4C6-45A5-B13F-2EE8D0FB917D): 10
LogDevObjectVersion:   Dev-Physics-Ext (35F94A83-E258-406C-A318-09F59610247C): 41
LogDevObjectVersion:   Dev-PhysicsMaterial-Chaos (B68FC16E-8B1B-42E2-B453-215C058844FE): 1
LogDevObjectVersion:   Dev-CineCamera (B2E18506-4273-CFC2-A54E-F4BB758BBA07): 1
LogDevObjectVersion:   Dev-VirtualProduction (64F58936-FD1B-42BA-BA96-7289D5D0FA4E): 1
LogDevObjectVersion:   Dev-MediaFramework (6F0ED827-A609-4895-9C91-998D90180EA4): 2
LogInit: Presizing for max 25165824 objects, including 0 objects not considered by GC, pre-allocating 0 bytes for permanent pool.
LogConfig: Applying CVar settings from Section [/Script/Engine.StreamingSettings] File [C:/Users/ianle/Documents/Unreal Projects/FlowerSimTry2/Saved/Config/Windows/Engine.ini]
LogConfig: Setting CVar [[s.MinBulkDataSizeForAsyncLoading:131072]]
LogConfig: Setting CVar [[s.AsyncLoadingThreadEnabled:0]]
LogConfig: Setting CVar [[s.EventDrivenLoaderEnabled:1]]
LogConfig: Setting CVar [[s.WarnIfTimeLimitExceeded:0]]
LogConfig: Setting CVar [[s.TimeLimitExceededMultiplier:1.5]]
LogConfig: Setting CVar [[s.TimeLimitExceededMinTime:0.005]]
LogConfig: Setting CVar [[s.UseBackgroundLevelStreaming:1]]
LogConfig: Setting CVar [[s.PriorityAsyncLoadingExtraTime:15.0]]
LogConfig: Setting CVar [[s.LevelStreamingActorsUpdateTimeLimit:5.0]]
LogConfig: Setting CVar [[s.PriorityLevelStreamingActorsUpdateExtraTime:5.0]]
LogConfig: Setting CVar [[s.LevelStreamingComponentsRegistrationGranularity:10]]
LogConfig: Setting CVar [[s.UnregisterComponentsTimeLimit:1.0]]
LogConfig: Setting CVar [[s.LevelStreamingComponentsUnregistrationGranularity:5]]
LogConfig: Setting CVar [[s.FlushStreamingOnExit:1]]
LogInit: Object subsystem initialized
LogConfig: Setting CVar [[con.DebugEarlyDefault:1]]
LogConfig: Setting CVar [[r.setres:1280x720]]
[2021.10.27-14.13.35:911][  0]LogConfig: Setting CVar [[r.VSync:0]]
[2021.10.27-14.13.35:911][  0]LogConfig: Setting CVar [[r.RHICmdBypass:0]]
[2021.10.27-14.13.35:911][  0]LogConfig: Applying CVar settings from Section [/Script/Engine.RendererSettings] File [C:/Users/ianle/Documents/Unreal Projects/FlowerSimTry2/Saved/Config/Windows/Engine.ini]
[2021.10.27-14.13.35:911][  0]LogConfig: Setting CVar [[r.GPUCrashDebugging:0]]
[2021.10.27-14.13.35:911][  0]LogConfig: Applying CVar settings from Section [/Script/Engine.RendererOverrideSettings] File [C:/Users/ianle/Documents/Unreal Projects/FlowerSimTry2/Saved/Config/Windows/Engine.ini]
[2021.10.27-14.13.35:911][  0]LogConfig: Applying CVar settings from Section [/Script/Engine.StreamingSettings] File [C:/Users/ianle/Documents/Unreal Projects/FlowerSimTry2/Saved/Config/Windows/Engine.ini]
[2021.10.27-14.13.35:911][  0]LogConfig: Setting CVar [[s.MinBulkDataSizeForAsyncLoading:131072]]
[2021.10.27-14.13.35:911][  0]LogConfig: Setting CVar [[s.AsyncLoadingThreadEnabled:0]]
[2021.10.27-14.13.35:911][  0]LogConfig: Setting CVar [[s.EventDrivenLoaderEnabled:1]]
[2021.10.27-14.13.35:911][  0]LogConfig: Setting CVar [[s.WarnIfTimeLimitExceeded:0]]
[2021.10.27-14.13.35:911][  0]LogConfig: Setting CVar [[s.TimeLimitExceededMultiplier:1.5]]
[2021.10.27-14.13.35:911][  0]LogConfig: Setting CVar [[s.TimeLimitExceededMinTime:0.005]]
[2021.10.27-14.13.35:911][  0]LogConfig: Setting CVar [[s.UseBackgroundLevelStreaming:1]]
[2021.10.27-14.13.35:911][  0]LogConfig: Setting CVar [[s.PriorityAsyncLoadingExtraTime:15.0]]
[2021.10.27-14.13.35:911][  0]LogConfig: Setting CVar [[s.LevelStreamingActorsUpdateTimeLimit:5.0]]
[2021.10.27-14.13.35:911][  0]LogConfig: Setting CVar [[s.PriorityLevelStreamingActorsUpdateExtraTime:5.0]]
[2021.10.27-14.13.35:911][  0]LogConfig: Setting CVar [[s.LevelStreamingComponentsRegistrationGranularity:10]]
[2021.10.27-14.13.35:911][  0]LogConfig: Setting CVar [[s.UnregisterComponentsTimeLimit:1.0]]
[2021.10.27-14.13.35:911][  0]LogConfig: Setting CVar [[s.LevelStreamingComponentsUnregistrationGranularity:5]]
[2021.10.27-14.13.35:911][  0]LogConfig: Setting CVar [[s.FlushStreamingOnExit:1]]
[2021.10.27-14.13.35:911][  0]LogConfig: Applying CVar settings from Section [/Script/Engine.GarbageCollectionSettings] File [C:/Users/ianle/Documents/Unreal Projects/FlowerSimTry2/Saved/Config/Windows/Engine.ini]
[2021.10.27-14.13.35:911][  0]LogConfig: Setting CVar [[gc.MaxObjectsNotConsideredByGC:1]]
[2021.10.27-14.13.35:911][  0]LogConfig: Setting CVar [[gc.SizeOfPermanentObjectPool:0]]
[2021.10.27-14.13.35:911][  0]LogConfig: Setting CVar [[gc.FlushStreamingOnGC:0]]
[2021.10.27-14.13.35:911][  0]LogConfig: Setting CVar [[gc.NumRetriesBeforeForcingGC:10]]
[2021.10.27-14.13.35:911][  0]LogConfig: Setting CVar [[gc.AllowParallelGC:1]]
[2021.10.27-14.13.35:911][  0]LogConfig: Setting CVar [[gc.TimeBetweenPurgingPendingKillObjects:61.1]]
[2021.10.27-14.13.35:911][  0]LogConfig: Setting CVar [[gc.MaxObjectsInEditor:25165824]]
[2021.10.27-14.13.35:911][  0]LogConfig: Setting CVar [[gc.IncrementalBeginDestroyEnabled:1]]
[2021.10.27-14.13.35:911][  0]LogConfig: Setting CVar [[gc.CreateGCClusters:1]]
[2021.10.27-14.13.35:911][  0]LogConfig: Setting CVar [[gc.MinGCClusterSize:5]]
[2021.10.27-14.13.35:911][  0]LogConfig: Setting CVar [[gc.ActorClusteringEnabled:0]]
[2021.10.27-14.13.35:911][  0]LogConfig: Setting CVar [[gc.BlueprintClusteringEnabled:0]]
[2021.10.27-14.13.35:911][  0]LogConfig: Setting CVar [[gc.UseDisregardForGCOnDedicatedServers:0]]
[2021.10.27-14.13.35:911][  0]LogConfig: Setting CVar [[gc.MultithreadedDestructionEnabled:1]]
[2021.10.27-14.13.35:911][  0]LogConfig: Applying CVar settings from Section [/Script/Engine.NetworkSettings] File [C:/Users/ianle/Documents/Unreal Projects/FlowerSimTry2/Saved/Config/Windows/Engine.ini]
[2021.10.27-14.13.35:911][  0]LogConfig: Applying CVar settings from Section [/Script/UnrealEd.CookerSettings] File [C:/Users/ianle/Documents/Unreal Projects/FlowerSimTry2/Saved/Config/Windows/Engine.ini]
[2021.10.27-14.13.35:945][  0]LogConfig: Applying CVar settings from Section [ViewDistanceQuality@3] File [C:/Users/ianle/Documents/Unreal Projects/FlowerSimTry2/Saved/Config/Windows/Scalability.ini]
[2021.10.27-14.13.35:945][  0]LogConfig: Setting CVar [[r.SkeletalMeshLODBias:0]]
[2021.10.27-14.13.35:945][  0]LogConfig: Setting CVar [[r.ViewDistanceScale:1.0]]
[2021.10.27-14.13.35:945][  0]LogConfig: Applying CVar settings from Section [AntiAliasingQuality@3] File [C:/Users/ianle/Documents/Unreal Projects/FlowerSimTry2/Saved/Config/Windows/Scalability.ini]
[2021.10.27-14.13.35:945][  0]LogConfig: Setting CVar [[r.PostProcessAAQuality:4]]
[2021.10.27-14.13.35:945][  0]LogConfig: Applying CVar settings from Section [ShadowQuality@3] File [C:/Users/ianle/Documents/Unreal Projects/FlowerSimTry2/Saved/Config/Windows/Scalability.ini]
[2021.10.27-14.13.35:945][  0]LogConfig: Setting CVar [[r.LightFunctionQuality:1]]
[2021.10.27-14.13.35:945][  0]LogConfig: Setting CVar [[r.ShadowQuality:5]]
[2021.10.27-14.13.35:945][  0]LogConfig: Setting CVar [[r.Shadow.CSM.MaxCascades:10]]
[2021.10.27-14.13.35:945][  0]LogConfig: Setting CVar [[r.Shadow.MaxResolution:2048]]
[2021.10.27-14.13.35:945][  0]LogConfig: Setting CVar [[r.Shadow.MaxCSMResolution:2048]]
[2021.10.27-14.13.35:945][  0]LogConfig: Setting CVar [[r.Shadow.RadiusThreshold:0.01]]
[2021.10.27-14.13.35:945][  0]LogConfig: Setting CVar [[r.Shadow.DistanceScale:1.0]]
[2021.10.27-14.13.35:945][  0]LogConfig: Setting CVar [[r.Shadow.CSM.TransitionScale:1.0]]
[2021.10.27-14.13.35:945][  0]LogConfig: Setting CVar [[r.Shadow.PreShadowResolutionFactor:1.0]]
[2021.10.27-14.13.35:945][  0]LogConfig: Setting CVar [[r.DistanceFieldShadowing:1]]
[2021.10.27-14.13.35:945][  0]LogConfig: Setting CVar [[r.DistanceFieldAO:1]]
[2021.10.27-14.13.35:945][  0]LogConfig: Setting CVar [[r.AOQuality:2]]
[2021.10.27-14.13.35:945][  0]LogConfig: Setting CVar [[r.VolumetricFog:1]]
[2021.10.27-14.13.35:945][  0]LogConfig: Setting CVar [[r.VolumetricFog.GridPixelSize:8]]
[2021.10.27-14.13.35:945][  0]LogConfig: Setting CVar [[r.VolumetricFog.GridSizeZ:128]]
[2021.10.27-14.13.35:945][  0]LogConfig: Setting CVar [[r.VolumetricFog.HistoryMissSupersampleCount:4]]
[2021.10.27-14.13.35:945][  0]LogConfig: Setting CVar [[r.LightMaxDrawDistanceScale:1]]
[2021.10.27-14.13.35:945][  0]LogConfig: Setting CVar [[r.CapsuleShadows:1]]
[2021.10.27-14.13.35:945][  0]LogConfig: Applying CVar settings from Section [PostProcessQuality@3] File [C:/Users/ianle/Documents/Unreal Projects/FlowerSimTry2/Saved/Config/Windows/Scalability.ini]
[2021.10.27-14.13.35:945][  0]LogConfig: Setting CVar [[r.MotionBlurQuality:4]]
[2021.10.27-14.13.35:945][  0]LogConfig: Setting CVar [[r.AmbientOcclusionMipLevelFactor:0.4]]
[2021.10.27-14.13.35:945][  0]LogConfig: Setting CVar [[r.AmbientOcclusionMaxQuality:100]]
[2021.10.27-14.13.35:945][  0]LogConfig: Setting CVar [[r.AmbientOcclusionLevels:-1]]
[2021.10.27-14.13.35:945][  0]LogConfig: Setting CVar [[r.AmbientOcclusionRadiusScale:1.0]]
[2021.10.27-14.13.35:945][  0]LogConfig: Setting CVar [[r.DepthOfFieldQuality:2]]
[2021.10.27-14.13.35:945][  0]LogConfig: Setting CVar [[r.RenderTargetPoolMin:400]]
[2021.10.27-14.13.35:945][  0]LogConfig: Setting CVar [[r.LensFlareQuality:2]]
[2021.10.27-14.13.35:945][  0]LogConfig: Setting CVar [[r.SceneColorFringeQuality:1]]
[2021.10.27-14.13.35:945][  0]LogConfig: Setting CVar [[r.EyeAdaptationQuality:2]]
[2021.10.27-14.13.35:945][  0]LogConfig: Setting CVar [[r.BloomQuality:5]]
[2021.10.27-14.13.35:945][  0]LogConfig: Setting CVar [[r.FastBlurThreshold:100]]
[2021.10.27-14.13.35:945][  0]LogConfig: Setting CVar [[r.Upscale.Quality:3]]
[2021.10.27-14.13.35:945][  0]LogConfig: Setting CVar [[r.Tonemapper.GrainQuantization:1]]
[2021.10.27-14.13.35:945][  0]LogConfig: Setting CVar [[r.LightShaftQuality:1]]
[2021.10.27-14.13.35:945][  0]LogConfig: Setting CVar [[r.Filter.SizeScale:1]]
[2021.10.27-14.13.35:945][  0]LogConfig: Setting CVar [[r.Tonemapper.Quality:5]]
[2021.10.27-14.13.35:945][  0]LogConfig: Setting CVar [[r.DOF.Gather.AccumulatorQuality:1        ; higher gathering accumulator quality]]
[2021.10.27-14.13.35:945][  0]LogConfig: Setting CVar [[r.DOF.Gather.PostfilterMethod:1          ; Median3x3 postfilering method]]
[2021.10.27-14.13.35:945][  0]LogConfig: Setting CVar [[r.DOF.Gather.EnableBokehSettings:0       ; no bokeh simulation when gathering]]
[2021.10.27-14.13.35:945][  0]LogConfig: Setting CVar [[r.DOF.Gather.RingCount:4                 ; medium number of samples when gathering]]
[2021.10.27-14.13.35:945][  0]LogConfig: Setting CVar [[r.DOF.Scatter.ForegroundCompositing:1    ; additive foreground scattering]]
[2021.10.27-14.13.35:945][  0]LogConfig: Setting CVar [[r.DOF.Scatter.BackgroundCompositing:2    ; additive background scattering]]
[2021.10.27-14.13.35:945][  0]LogConfig: Setting CVar [[r.DOF.Scatter.EnableBokehSettings:1      ; bokeh simulation when scattering]]
[2021.10.27-14.13.35:945][  0]LogConfig: Setting CVar [[r.DOF.Scatter.MaxSpriteRatio:0.1         ; only a maximum of 10% of scattered bokeh]]
[2021.10.27-14.13.35:945][  0]LogConfig: Setting CVar [[r.DOF.Recombine.Quality:1                ; cheap slight out of focus]]
[2021.10.27-14.13.35:946][  0]LogConfig: Setting CVar [[r.DOF.Recombine.EnableBokehSettings:0    ; no bokeh simulation on slight out of focus]]
[2021.10.27-14.13.35:946][  0]LogConfig: Setting CVar [[r.DOF.TemporalAAQuality:1                ; more stable temporal accumulation]]
[2021.10.27-14.13.35:946][  0]LogConfig: Setting CVar [[r.DOF.Kernel.MaxForegroundRadius:0.025]]
[2021.10.27-14.13.35:946][  0]LogConfig: Setting CVar [[r.DOF.Kernel.MaxBackgroundRadius:0.025]]
[2021.10.27-14.13.35:946][  0]LogConfig: Applying CVar settings from Section [TextureQuality@3] File [C:/Users/ianle/Documents/Unreal Projects/FlowerSimTry2/Saved/Config/Windows/Scalability.ini]
[2021.10.27-14.13.35:946][  0]LogConfig: Setting CVar [[r.Streaming.MipBias:0]]
[2021.10.27-14.13.35:946][  0]LogConfig: Setting CVar [[r.Streaming.AmortizeCPUToGPUCopy:0]]
[2021.10.27-14.13.35:946][  0]LogConfig: Setting CVar [[r.Streaming.MaxNumTexturesToStreamPerFrame:0]]
[2021.10.27-14.13.35:946][  0]LogConfig: Setting CVar [[r.Streaming.Boost:1]]
[2021.10.27-14.13.35:946][  0]LogConfig: Setting CVar [[r.MaxAnisotropy:8]]
[2021.10.27-14.13.35:946][  0]LogConfig: Setting CVar [[r.VT.MaxAnisotropy:8]]
[2021.10.27-14.13.35:946][  0]LogConfig: Setting CVar [[r.Streaming.LimitPoolSizeToVRAM:0]]
[2021.10.27-14.13.35:946][  0]LogConfig: Setting CVar [[r.Streaming.PoolSize:1000]]
[2021.10.27-14.13.35:946][  0]LogConfig: Setting CVar [[r.Streaming.MaxEffectiveScreenSize:0]]
[2021.10.27-14.13.35:946][  0]LogConfig: Applying CVar settings from Section [EffectsQuality@3] File [C:/Users/ianle/Documents/Unreal Projects/FlowerSimTry2/Saved/Config/Windows/Scalability.ini]
[2021.10.27-14.13.35:946][  0]LogConfig: Setting CVar [[r.TranslucencyLightingVolumeDim:64]]
[2021.10.27-14.13.35:946][  0]LogConfig: Setting CVar [[r.RefractionQuality:2]]
[2021.10.27-14.13.35:946][  0]LogConfig: Setting CVar [[r.SSR.Quality:3]]
[2021.10.27-14.13.35:946][  0]LogConfig: Setting CVar [[r.SSR.HalfResSceneColor:0]]
[2021.10.27-14.13.35:946][  0]LogConfig: Setting CVar [[r.SceneColorFormat:4]]
[2021.10.27-14.13.35:946][  0]LogConfig: Setting CVar [[r.DetailMode:2]]
[2021.10.27-14.13.35:946][  0]LogConfig: Setting CVar [[r.TranslucencyVolumeBlur:1]]
[2021.10.27-14.13.35:946][  0]LogConfig: Setting CVar [[r.MaterialQualityLevel:1 ; High quality]]
[2021.10.27-14.13.35:946][  0]LogConfig: Setting CVar [[r.AnisotropicMaterials:1]]
[2021.10.27-14.13.35:946][  0]LogConfig: Setting CVar [[r.SSS.Scale:1]]
[2021.10.27-14.13.35:946][  0]LogConfig: Setting CVar [[r.SSS.SampleSet:2]]
[2021.10.27-14.13.35:946][  0]LogConfig: Setting CVar [[r.SSS.Quality:1]]
[2021.10.27-14.13.35:946][  0]LogConfig: Setting CVar [[r.SSS.HalfRes:0]]
[2021.10.27-14.13.35:946][  0]LogConfig: Setting CVar [[r.SSGI.Quality:3]]
[2021.10.27-14.13.35:946][  0]LogConfig: Setting CVar [[r.EmitterSpawnRateScale:1.0]]
[2021.10.27-14.13.35:946][  0]LogConfig: Setting CVar [[r.ParticleLightQuality:2]]
[2021.10.27-14.13.35:946][  0]LogConfig: Setting CVar [[r.SkyAtmosphere.AerialPerspectiveLUT.FastApplyOnOpaque:1 ; Always have FastSkyLUT 1 in this case to avoid wrong sky]]
[2021.10.27-14.13.35:946][  0]LogConfig: Setting CVar [[r.SkyAtmosphere.AerialPerspectiveLUT.SampleCountMaxPerSlice:4]]
[2021.10.27-14.13.35:946][  0]LogConfig: Setting CVar [[r.SkyAtmosphere.AerialPerspectiveLUT.DepthResolution:16.0]]
[2021.10.27-14.13.35:946][  0]LogConfig: Setting CVar [[r.SkyAtmosphere.FastSkyLUT:1]]
[2021.10.27-14.13.35:946][  0]LogConfig: Setting CVar [[r.SkyAtmosphere.FastSkyLUT.SampleCountMin:4.0]]
[2021.10.27-14.13.35:946][  0]LogConfig: Setting CVar [[r.SkyAtmosphere.FastSkyLUT.SampleCountMax:128.0]]
[2021.10.27-14.13.35:946][  0]LogConfig: Setting CVar [[r.SkyAtmosphere.SampleCountMin:4.0]]
[2021.10.27-14.13.35:946][  0]LogConfig: Setting CVar [[r.SkyAtmosphere.SampleCountMax:128.0]]
[2021.10.27-14.13.35:946][  0]LogConfig: Setting CVar [[r.SkyAtmosphere.TransmittanceLUT.UseSmallFormat:0]]
[2021.10.27-14.13.35:946][  0]LogConfig: Setting CVar [[r.SkyAtmosphere.TransmittanceLUT.SampleCount:10.0]]
[2021.10.27-14.13.35:946][  0]LogConfig: Setting CVar [[r.SkyAtmosphere.MultiScatteringLUT.SampleCount:15.0]]
[2021.10.27-14.13.35:946][  0]LogConfig: Setting CVar [[r.SkyLight.RealTimeReflectionCapture:1]]
[2021.10.27-14.13.35:946][  0]LogConfig: Applying CVar settings from Section [FoliageQuality@3] File [C:/Users/ianle/Documents/Unreal Projects/FlowerSimTry2/Saved/Config/Windows/Scalability.ini]
[2021.10.27-14.13.35:946][  0]LogConfig: Setting CVar [[foliage.DensityScale:1.0]]
[2021.10.27-14.13.35:946][  0]LogConfig: Setting CVar [[grass.DensityScale:1.0]]
[2021.10.27-14.13.35:946][  0]LogConfig: Applying CVar settings from Section [ShadingQuality@3] File [C:/Users/ianle/Documents/Unreal Projects/FlowerSimTry2/Saved/Config/Windows/Scalability.ini]
[2021.10.27-14.13.35:946][  0]LogConfig: Setting CVar [[r.HairStrands.SkyLighting.IntegrationType:2]]
[2021.10.27-14.13.35:946][  0]LogConfig: Setting CVar [[r.HairStrands.SkyAO.SampleCount:4]]
[2021.10.27-14.13.35:946][  0]LogConfig: Setting CVar [[r.HairStrands.Visibility.MSAA.SamplePerPixel:4]]
[2021.10.27-14.13.35:947][  0]LogInit: Selected Device Profile: [Windows]
[2021.10.27-14.13.35:947][  0]LogInit: Applying CVar settings loaded from the selected device profile: [Windows]
[2021.10.27-14.13.35:948][  0]LogHAL: Display: Platform has ~ 8 GB [8253448192 / 8589934592 / 8], which maps to Default [LargestMinGB=32, LargerMinGB=12, DefaultMinGB=8, SmallerMinGB=6, SmallestMinGB=0)
[2021.10.27-14.13.35:948][  0]LogInit: Going up to parent DeviceProfile []
[2021.10.27-14.13.35:948][  0]LogConfig: Applying CVar settings from Section [ViewDistanceQuality@3] File [C:/Users/ianle/Documents/Unreal Projects/FlowerSimTry2/Saved/Config/Windows/Scalability.ini]
[2021.10.27-14.13.35:948][  0]LogConfig: Setting CVar [[r.SkeletalMeshLODBias:0]]
[2021.10.27-14.13.35:948][  0]LogConfig: Setting CVar [[r.ViewDistanceScale:1.0]]
[2021.10.27-14.13.35:948][  0]LogConfig: Applying CVar settings from Section [AntiAliasingQuality@3] File [C:/Users/ianle/Documents/Unreal Projects/FlowerSimTry2/Saved/Config/Windows/Scalability.ini]
[2021.10.27-14.13.35:948][  0]LogConfig: Setting CVar [[r.PostProcessAAQuality:4]]
[2021.10.27-14.13.35:948][  0]LogConfig: Applying CVar settings from Section [ShadowQuality@3] File [C:/Users/ianle/Documents/Unreal Projects/FlowerSimTry2/Saved/Config/Windows/Scalability.ini]
[2021.10.27-14.13.35:948][  0]LogConfig: Setting CVar [[r.LightFunctionQuality:1]]
[2021.10.27-14.13.35:948][  0]LogConfig: Setting CVar [[r.ShadowQuality:5]]
[2021.10.27-14.13.35:948][  0]LogConfig: Setting CVar [[r.Shadow.CSM.MaxCascades:10]]
[2021.10.27-14.13.35:948][  0]LogConfig: Setting CVar [[r.Shadow.MaxResolution:2048]]
[2021.10.27-14.13.35:948][  0]LogConfig: Setting CVar [[r.Shadow.MaxCSMResolution:2048]]
[2021.10.27-14.13.35:948][  0]LogConfig: Setting CVar [[r.Shadow.RadiusThreshold:0.01]]
[2021.10.27-14.13.35:948][  0]LogConfig: Setting CVar [[r.Shadow.DistanceScale:1.0]]
[2021.10.27-14.13.35:948][  0]LogConfig: Setting CVar [[r.Shadow.CSM.TransitionScale:1.0]]
[2021.10.27-14.13.35:948][  0]LogConfig: Setting CVar [[r.Shadow.PreShadowResolutionFactor:1.0]]
[2021.10.27-14.13.35:948][  0]LogConfig: Setting CVar [[r.DistanceFieldShadowing:1]]
[2021.10.27-14.13.35:948][  0]LogConfig: Setting CVar [[r.DistanceFieldAO:1]]
[2021.10.27-14.13.35:948][  0]LogConfig: Setting CVar [[r.AOQuality:2]]
[2021.10.27-14.13.35:949][  0]LogConfig: Setting CVar [[r.VolumetricFog:1]]
[2021.10.27-14.13.35:949][  0]LogConfig: Setting CVar [[r.VolumetricFog.GridPixelSize:8]]
[2021.10.27-14.13.35:949][  0]LogConfig: Setting CVar [[r.VolumetricFog.GridSizeZ:128]]
[2021.10.27-14.13.35:949][  0]LogConfig: Setting CVar [[r.VolumetricFog.HistoryMissSupersampleCount:4]]
[2021.10.27-14.13.35:949][  0]LogConfig: Setting CVar [[r.LightMaxDrawDistanceScale:1]]
[2021.10.27-14.13.35:949][  0]LogConfig: Setting CVar [[r.CapsuleShadows:1]]
[2021.10.27-14.13.35:949][  0]LogConfig: Applying CVar settings from Section [PostProcessQuality@3] File [C:/Users/ianle/Documents/Unreal Projects/FlowerSimTry2/Saved/Config/Windows/Scalability.ini]
[2021.10.27-14.13.35:949][  0]LogConfig: Setting CVar [[r.MotionBlurQuality:4]]
[2021.10.27-14.13.35:949][  0]LogConfig: Setting CVar [[r.AmbientOcclusionMipLevelFactor:0.4]]
[2021.10.27-14.13.35:949][  0]LogConfig: Setting CVar [[r.AmbientOcclusionMaxQuality:100]]
[2021.10.27-14.13.35:949][  0]LogConfig: Setting CVar [[r.AmbientOcclusionLevels:-1]]
[2021.10.27-14.13.35:949][  0]LogConfig: Setting CVar [[r.AmbientOcclusionRadiusScale:1.0]]
[2021.10.27-14.13.35:949][  0]LogConfig: Setting CVar [[r.DepthOfFieldQuality:2]]
[2021.10.27-14.13.35:949][  0]LogConfig: Setting CVar [[r.RenderTargetPoolMin:400]]
[2021.10.27-14.13.35:949][  0]LogConfig: Setting CVar [[r.LensFlareQuality:2]]
[2021.10.27-14.13.35:949][  0]LogConfig: Setting CVar [[r.SceneColorFringeQuality:1]]
[2021.10.27-14.13.35:949][  0]LogConfig: Setting CVar [[r.EyeAdaptationQuality:2]]
[2021.10.27-14.13.35:949][  0]LogConfig: Setting CVar [[r.BloomQuality:5]]
[2021.10.27-14.13.35:949][  0]LogConfig: Setting CVar [[r.FastBlurThreshold:100]]
[2021.10.27-14.13.35:949][  0]LogConfig: Setting CVar [[r.Upscale.Quality:3]]
[2021.10.27-14.13.35:949][  0]LogConfig: Setting CVar [[r.Tonemapper.GrainQuantization:1]]
[2021.10.27-14.13.35:949][  0]LogConfig: Setting CVar [[r.LightShaftQuality:1]]
[2021.10.27-14.13.35:949][  0]LogConfig: Setting CVar [[r.Filter.SizeScale:1]]
[2021.10.27-14.13.35:949][  0]LogConfig: Setting CVar [[r.Tonemapper.Quality:5]]
[2021.10.27-14.13.35:949][  0]LogConfig: Setting CVar [[r.DOF.Gather.AccumulatorQuality:1        ; higher gathering accumulator quality]]
[2021.10.27-14.13.35:949][  0]LogConfig: Setting CVar [[r.DOF.Gather.PostfilterMethod:1          ; Median3x3 postfilering method]]
[2021.10.27-14.13.35:949][  0]LogConfig: Setting CVar [[r.DOF.Gather.EnableBokehSettings:0       ; no bokeh simulation when gathering]]
[2021.10.27-14.13.35:949][  0]LogConfig: Setting CVar [[r.DOF.Gather.RingCount:4                 ; medium number of samples when gathering]]
[2021.10.27-14.13.35:949][  0]LogConfig: Setting CVar [[r.DOF.Scatter.ForegroundCompositing:1    ; additive foreground scattering]]
[2021.10.27-14.13.35:949][  0]LogConfig: Setting CVar [[r.DOF.Scatter.BackgroundCompositing:2    ; additive background scattering]]
[2021.10.27-14.13.35:949][  0]LogConfig: Setting CVar [[r.DOF.Scatter.EnableBokehSettings:1      ; bokeh simulation when scattering]]
[2021.10.27-14.13.35:949][  0]LogConfig: Setting CVar [[r.DOF.Scatter.MaxSpriteRatio:0.1         ; only a maximum of 10% of scattered bokeh]]
[2021.10.27-14.13.35:949][  0]LogConfig: Setting CVar [[r.DOF.Recombine.Quality:1                ; cheap slight out of focus]]
[2021.10.27-14.13.35:949][  0]LogConfig: Setting CVar [[r.DOF.Recombine.EnableBokehSettings:0    ; no bokeh simulation on slight out of focus]]
[2021.10.27-14.13.35:949][  0]LogConfig: Setting CVar [[r.DOF.TemporalAAQuality:1                ; more stable temporal accumulation]]
[2021.10.27-14.13.35:949][  0]LogConfig: Setting CVar [[r.DOF.Kernel.MaxForegroundRadius:0.025]]
[2021.10.27-14.13.35:949][  0]LogConfig: Setting CVar [[r.DOF.Kernel.MaxBackgroundRadius:0.025]]
[2021.10.27-14.13.35:949][  0]LogConfig: Applying CVar settings from Section [TextureQuality@3] File [C:/Users/ianle/Documents/Unreal Projects/FlowerSimTry2/Saved/Config/Windows/Scalability.ini]
[2021.10.27-14.13.35:949][  0]LogConfig: Setting CVar [[r.Streaming.MipBias:0]]
[2021.10.27-14.13.35:949][  0]LogConfig: Setting CVar [[r.Streaming.AmortizeCPUToGPUCopy:0]]
[2021.10.27-14.13.35:949][  0]LogConfig: Setting CVar [[r.Streaming.MaxNumTexturesToStreamPerFrame:0]]
[2021.10.27-14.13.35:949][  0]LogConfig: Setting CVar [[r.Streaming.Boost:1]]
[2021.10.27-14.13.35:949][  0]LogConfig: Setting CVar [[r.MaxAnisotropy:8]]
[2021.10.27-14.13.35:949][  0]LogConfig: Setting CVar [[r.VT.MaxAnisotropy:8]]
[2021.10.27-14.13.35:949][  0]LogConfig: Setting CVar [[r.Streaming.LimitPoolSizeToVRAM:0]]
[2021.10.27-14.13.35:949][  0]LogConfig: Setting CVar [[r.Streaming.PoolSize:1000]]
[2021.10.27-14.13.35:949][  0]LogConfig: Setting CVar [[r.Streaming.MaxEffectiveScreenSize:0]]
[2021.10.27-14.13.35:949][  0]LogConfig: Applying CVar settings from Section [EffectsQuality@3] File [C:/Users/ianle/Documents/Unreal Projects/FlowerSimTry2/Saved/Config/Windows/Scalability.ini]
[2021.10.27-14.13.35:949][  0]LogConfig: Setting CVar [[r.TranslucencyLightingVolumeDim:64]]
[2021.10.27-14.13.35:949][  0]LogConfig: Setting CVar [[r.RefractionQuality:2]]
[2021.10.27-14.13.35:949][  0]LogConfig: Setting CVar [[r.SSR.Quality:3]]
[2021.10.27-14.13.35:949][  0]LogConfig: Setting CVar [[r.SSR.HalfResSceneColor:0]]
[2021.10.27-14.13.35:949][  0]LogConfig: Setting CVar [[r.SceneColorFormat:4]]
[2021.10.27-14.13.35:949][  0]LogConfig: Setting CVar [[r.DetailMode:2]]
[2021.10.27-14.13.35:949][  0]LogConfig: Setting CVar [[r.TranslucencyVolumeBlur:1]]
[2021.10.27-14.13.35:949][  0]LogConfig: Setting CVar [[r.MaterialQualityLevel:1 ; High quality]]
[2021.10.27-14.13.35:949][  0]LogConfig: Setting CVar [[r.AnisotropicMaterials:1]]
[2021.10.27-14.13.35:949][  0]LogConfig: Setting CVar [[r.SSS.Scale:1]]
[2021.10.27-14.13.35:949][  0]LogConfig: Setting CVar [[r.SSS.SampleSet:2]]
[2021.10.27-14.13.35:949][  0]LogConfig: Setting CVar [[r.SSS.Quality:1]]
[2021.10.27-14.13.35:949][  0]LogConfig: Setting CVar [[r.SSS.HalfRes:0]]
[2021.10.27-14.13.35:949][  0]LogConfig: Setting CVar [[r.SSGI.Quality:3]]
[2021.10.27-14.13.35:949][  0]LogConfig: Setting CVar [[r.EmitterSpawnRateScale:1.0]]
[2021.10.27-14.13.35:949][  0]LogConfig: Setting CVar [[r.ParticleLightQuality:2]]
[2021.10.27-14.13.35:949][  0]LogConfig: Setting CVar [[r.SkyAtmosphere.AerialPerspectiveLUT.FastApplyOnOpaque:1 ; Always have FastSkyLUT 1 in this case to avoid wrong sky]]
[2021.10.27-14.13.35:949][  0]LogConfig: Setting CVar [[r.SkyAtmosphere.AerialPerspectiveLUT.SampleCountMaxPerSlice:4]]
[2021.10.27-14.13.35:949][  0]LogConfig: Setting CVar [[r.SkyAtmosphere.AerialPerspectiveLUT.DepthResolution:16.0]]
[2021.10.27-14.13.35:949][  0]LogConfig: Setting CVar [[r.SkyAtmosphere.FastSkyLUT:1]]
[2021.10.27-14.13.35:949][  0]LogConfig: Setting CVar [[r.SkyAtmosphere.FastSkyLUT.SampleCountMin:4.0]]
[2021.10.27-14.13.35:949][  0]LogConfig: Setting CVar [[r.SkyAtmosphere.FastSkyLUT.SampleCountMax:128.0]]
[2021.10.27-14.13.35:949][  0]LogConfig: Setting CVar [[r.SkyAtmosphere.SampleCountMin:4.0]]
[2021.10.27-14.13.35:949][  0]LogConfig: Setting CVar [[r.SkyAtmosphere.SampleCountMax:128.0]]
[2021.10.27-14.13.35:949][  0]LogConfig: Setting CVar [[r.SkyAtmosphere.TransmittanceLUT.UseSmallFormat:0]]
[2021.10.27-14.13.35:949][  0]LogConfig: Setting CVar [[r.SkyAtmosphere.TransmittanceLUT.SampleCount:10.0]]
[2021.10.27-14.13.35:949][  0]LogConfig: Setting CVar [[r.SkyAtmosphere.MultiScatteringLUT.SampleCount:15.0]]
[2021.10.27-14.13.35:949][  0]LogConfig: Setting CVar [[r.SkyLight.RealTimeReflectionCapture:1]]
[2021.10.27-14.13.35:949][  0]LogConfig: Applying CVar settings from Section [FoliageQuality@3] File [C:/Users/ianle/Documents/Unreal Projects/FlowerSimTry2/Saved/Config/Windows/Scalability.ini]
[2021.10.27-14.13.35:949][  0]LogConfig: Setting CVar [[foliage.DensityScale:1.0]]
[2021.10.27-14.13.35:949][  0]LogConfig: Setting CVar [[grass.DensityScale:1.0]]
[2021.10.27-14.13.35:949][  0]LogConfig: Applying CVar settings from Section [ShadingQuality@3] File [C:/Users/ianle/Documents/Unreal Projects/FlowerSimTry2/Saved/Config/Windows/Scalability.ini]
[2021.10.27-14.13.35:949][  0]LogConfig: Setting CVar [[r.HairStrands.SkyLighting.IntegrationType:2]]
[2021.10.27-14.13.35:949][  0]LogConfig: Setting CVar [[r.HairStrands.SkyAO.SampleCount:4]]
[2021.10.27-14.13.35:949][  0]LogConfig: Setting CVar [[r.HairStrands.Visibility.MSAA.SamplePerPixel:4]]
[2021.10.27-14.13.35:949][  0]LogConfig: Applying CVar settings from Section [Startup] File [../../../Engine/Config/ConsoleVariables.ini]
[2021.10.27-14.13.35:952][  0]LogConfig: Setting CVar [[net.UseAdaptiveNetUpdateFrequency:0]]
[2021.10.27-14.13.35:952][  0]LogConfig: Setting CVar [[p.chaos.AllowCreatePhysxBodies:1]]
[2021.10.27-14.13.35:952][  0]LogConfig: Setting CVar [[fx.SkipVectorVMBackendOptimizations:1]]
[2021.10.27-14.13.35:952][  0]LogConfig: Applying CVar settings from Section [ConsoleVariables] File [C:/Users/ianle/Documents/Unreal Projects/FlowerSimTry2/Saved/Config/Windows/Engine.ini]
[2021.10.27-14.13.35:952][  0]LogConfig: Applying CVar settings from Section [ConsoleVariables] File [C:/Users/ianle/Documents/Unreal Projects/FlowerSimTry2/Saved/Config/Windows/Editor.ini]
[2021.10.27-14.13.35:952][  0]LogInit: Computer: LAPTOP-B3TCS9V2
[2021.10.27-14.13.35:952][  0]LogInit: User: ianle
[2021.10.27-14.13.35:952][  0]LogInit: CPU Page size=4096, Cores=4
[2021.10.27-14.13.35:952][  0]LogInit: High frequency timer resolution =10.000000 MHz
[2021.10.27-14.13.35:953][  0]LogMemory: Memory total: Physical=7.7GB (8GB approx)
[2021.10.27-14.13.35:953][  0]LogMemory: Platform Memory Stats for Windows
[2021.10.27-14.13.35:953][  0]LogMemory: Process Physical Memory: 147.18 MB used, 147.19 MB peak
[2021.10.27-14.13.35:953][  0]LogMemory: Process Virtual Memory: 129.34 MB used, 129.34 MB peak
[2021.10.27-14.13.35:953][  0]LogMemory: Physical Memory: 7382.70 MB used,  488.41 MB free, 7871.10 MB total
[2021.10.27-14.13.35:953][  0]LogMemory: Virtual Memory: 134212032.00 MB used,  5691.95 MB free, 134217728.00 MB total
[2021.10.27-14.13.35:961][  0]LogWindows: WindowsPlatformFeatures enabled
[2021.10.27-14.13.36:695][  0]LogInit: Physics initialised using underlying interface: PhysX
[2021.10.27-14.13.36:697][  0]LogInit: Using OS detected language (en-GB).
[2021.10.27-14.13.36:697][  0]LogInit: Using OS detected locale (en-GB).
[2021.10.27-14.13.36:714][  0]LogTextLocalizationManager: No specific localization for 'en-GB' exists, so the 'en' localization will be used.
[2021.10.27-14.13.37:090][  0]LogInit: Setting process to per monitor DPI aware
[2021.10.27-14.13.37:111][  0]LogWindowsTextInputMethodSystem: Display: IME system deactivated.
[2021.10.27-14.13.37:299][  0]LogSlate: New Slate User Created.  User Index 0, Is Virtual User: 0
[2021.10.27-14.13.37:299][  0]LogSlate: Slate User Registered.  User Index 0, Is Virtual User: 0
[2021.10.27-14.13.37:925][  0]LogD3D11RHI: Loaded GFSDK_Aftermath_Lib.x64.dll
[2021.10.27-14.13.37:931][  0]LogHMD: Failed to initialize OpenVR with code 110
[2021.10.27-14.13.37:931][  0]LogD3D11RHI: D3D11 min allowed feature level: 11_0
[2021.10.27-14.13.37:931][  0]LogD3D11RHI: D3D11 max allowed feature level: 11_0
[2021.10.27-14.13.37:931][  0]LogD3D11RHI: D3D11 adapters:
[2021.10.27-14.13.38:386][  0]LogD3D11RHI:    0. 'Intel(R) Iris(R) Xe Graphics' (Feature Level 11_0)
[2021.10.27-14.13.38:387][  0]LogD3D11RHI:       128/0/3935 MB DedicatedVideo/DedicatedSystem/SharedSystem, Outputs:2, VendorId:0x8086
[2021.10.27-14.13.38:392][  0]LogD3D11RHI:    1. 'Microsoft Basic Render Driver' (Feature Level 11_0)
[2021.10.27-14.13.38:392][  0]LogD3D11RHI:       0/0/3935 MB DedicatedVideo/DedicatedSystem/SharedSystem, Outputs:0, VendorId:0x1414
[2021.10.27-14.13.38:392][  0]LogD3D11RHI: Chosen D3D11 Adapter:
[2021.10.27-14.13.38:392][  0]LogD3D11RHI:     Description : Intel(R) Iris(R) Xe Graphics
[2021.10.27-14.13.38:392][  0]LogD3D11RHI:     VendorId    : 8086
[2021.10.27-14.13.38:392][  0]LogD3D11RHI:     DeviceId    : 9a49
[2021.10.27-14.13.38:392][  0]LogD3D11RHI:     SubSysId    : 12621043
[2021.10.27-14.13.38:392][  0]LogD3D11RHI:     Revision    : 0001
[2021.10.27-14.13.38:392][  0]LogD3D11RHI:     DedicatedVideoMemory : 134217728 bytes
[2021.10.27-14.13.38:392][  0]LogD3D11RHI:     DedicatedSystemMemory : 0 bytes
[2021.10.27-14.13.38:392][  0]LogD3D11RHI:     SharedSystemMemory : 4126724096 bytes
[2021.10.27-14.13.38:392][  0]LogD3D11RHI:     AdapterLuid : 0 62419
[2021.10.27-14.13.38:402][  0]LogD3D11RHI: Creating new Direct3DDevice
[2021.10.27-14.13.38:402][  0]LogD3D11RHI:     GPU DeviceId: 0x9a49 (for the marketing name, search the web for "GPU Device Id")
[2021.10.27-14.13.38:402][  0]LogWindows: EnumDisplayDevices:
[2021.10.27-14.13.38:402][  0]LogWindows:    0. 'Intel(R) Iris(R) Xe Graphics' (P:1 D:1)
[2021.10.27-14.13.38:403][  0]LogWindows:    1. 'Intel(R) Iris(R) Xe Graphics' (P:0 D:1)
[2021.10.27-14.13.38:403][  0]LogWindows:    2. 'Intel(R) Iris(R) Xe Graphics' (P:0 D:0)
[2021.10.27-14.13.38:403][  0]LogWindows:    3. 'Intel(R) Iris(R) Xe Graphics' (P:0 D:0)
[2021.10.27-14.13.38:403][  0]LogWindows: DebugString: FoundDriverCount:4 
[2021.10.27-14.13.38:403][  0]LogD3D11RHI:     Adapter Name: Intel(R) Iris(R) Xe Graphics
[2021.10.27-14.13.38:403][  0]LogD3D11RHI:   Driver Version: 27.20.100.9565 (internal:27.20.100.9565, unified:27.20.100.9565)
[2021.10.27-14.13.38:403][  0]LogD3D11RHI:      Driver Date: 4-29-2021
[2021.10.27-14.13.38:403][  0]LogRHI: Texture pool is 1467 MB (70% of 2095 MB)
[2021.10.27-14.13.38:476][  0]LogD3D11RHI: Creating D3DDevice using adapter:
[2021.10.27-14.13.38:476][  0]LogD3D11RHI:     Description : Intel(R) Iris(R) Xe Graphics
[2021.10.27-14.13.38:476][  0]LogD3D11RHI:     VendorId    : 8086
[2021.10.27-14.13.38:476][  0]LogD3D11RHI:     DeviceId    : 9a49
[2021.10.27-14.13.38:476][  0]LogD3D11RHI:     SubSysId    : 12621043
[2021.10.27-14.13.38:476][  0]LogD3D11RHI:     Revision    : 0001
[2021.10.27-14.13.38:476][  0]LogD3D11RHI:     DedicatedVideoMemory : 134217728 bytes
[2021.10.27-14.13.38:476][  0]LogD3D11RHI:     DedicatedSystemMemory : 0 bytes
[2021.10.27-14.13.38:476][  0]LogD3D11RHI:     SharedSystemMemory : 4126724096 bytes
[2021.10.27-14.13.38:476][  0]LogD3D11RHI:     AdapterLuid : 0 62419
[2021.10.27-14.13.38:863][  0]LogD3D11RHI: RHI does not have support for 64 bit atomics
[2021.10.27-14.13.38:975][  0]LogD3D11RHI: Intel Extensions support version Full=16777216, Major=1, Minor=0, Revision=0
[2021.10.27-14.13.38:975][  0]LogD3D11RHI: Intel Extensions support version Full=16777217, Major=1, Minor=0, Revision=1
[2021.10.27-14.13.38:975][  0]LogD3D11RHI: Intel Extensions Framework enabled
[2021.10.27-14.13.38:978][  0]LogD3D11RHI: [IntelMetricsDiscovery] Started
[2021.10.27-14.13.38:978][  0]LogD3D11RHI: Async texture creation enabled
[2021.10.27-14.13.38:978][  0]LogD3D11RHI: Array index from any shader is supported
[2021.10.27-14.13.39:026][  0]LogD3D11RHI: GPU Timing Frequency: 19.200000 (Debug: 2 0)
[2021.10.27-14.13.40:048][  0]LogTargetPlatformManager: Display: Loaded TargetPlatform 'AllDesktop'
[2021.10.27-14.13.40:231][  0]LogTargetPlatformManager: Display: Loaded TargetPlatform 'Android'
[2021.10.27-14.13.40:231][  0]LogTargetPlatformManager: Display: Loaded TargetPlatform 'Android_ASTC'
[2021.10.27-14.13.40:231][  0]LogTargetPlatformManager: Display: Loaded TargetPlatform 'Android_DXT'
[2021.10.27-14.13.40:231][  0]LogTargetPlatformManager: Display: Loaded TargetPlatform 'Android_ETC2'
[2021.10.27-14.13.40:231][  0]LogTargetPlatformManager: Display: Loaded TargetPlatform 'AndroidClient'
[2021.10.27-14.13.40:231][  0]LogTargetPlatformManager: Display: Loaded TargetPlatform 'Android_ASTCClient'
[2021.10.27-14.13.40:231][  0]LogTargetPlatformManager: Display: Loaded TargetPlatform 'Android_DXTClient'
[2021.10.27-14.13.40:231][  0]LogTargetPlatformManager: Display: Loaded TargetPlatform 'Android_ETC2Client'
[2021.10.27-14.13.40:231][  0]LogTargetPlatformManager: Display: Loaded TargetPlatform 'Android_Multi'
[2021.10.27-14.13.40:231][  0]LogTargetPlatformManager: Display: Loaded TargetPlatform 'Android_MultiClient'
[2021.10.27-14.13.40:799][  0]LogTargetPlatformManager: Display: Loaded TargetPlatform 'IOSClient'
[2021.10.27-14.13.40:799][  0]LogTargetPlatformManager: Display: Loaded TargetPlatform 'IOS'
[2021.10.27-14.13.41:039][  0]LogTargetPlatformManager: Display: Loaded TargetPlatform 'Linux'
[2021.10.27-14.13.41:252][  0]LogTargetPlatformManager: Display: Loaded TargetPlatform 'LinuxNoEditor'
[2021.10.27-14.13.41:410][  0]LogTargetPlatformManager: Display: Loaded TargetPlatform 'LinuxClient'
[2021.10.27-14.13.41:572][  0]LogTargetPlatformManager: Display: Loaded TargetPlatform 'LinuxServer'
[2021.10.27-14.13.41:742][  0]LogTargetPlatformManager: Display: Loaded TargetPlatform 'LinuxAArch64NoEditor'
[2021.10.27-14.13.41:896][  0]LogTargetPlatformManager: Display: Loaded TargetPlatform 'LinuxAArch64Client'
[2021.10.27-14.13.42:066][  0]LogTargetPlatformManager: Display: Loaded TargetPlatform 'LinuxAArch64Server'
[2021.10.27-14.13.42:241][  0]LogTargetPlatformManager: Display: Loaded TargetPlatform 'Lumin'
[2021.10.27-14.13.42:241][  0]LogTargetPlatformManager: Display: Loaded TargetPlatform 'LuminClient'
[2021.10.27-14.13.42:423][  0]LogTargetPlatformManager: Display: Loaded TargetPlatform 'MacNoEditor'
[2021.10.27-14.13.42:624][  0]LogTargetPlatformManager: Display: Loaded TargetPlatform 'Mac'
[2021.10.27-14.13.42:795][  0]LogTargetPlatformManager: Display: Loaded TargetPlatform 'MacClient'
[2021.10.27-14.13.42:969][  0]LogTargetPlatformManager: Display: Loaded TargetPlatform 'MacServer'
[2021.10.27-14.13.43:135][  0]LogTargetPlatformManager: Display: Loaded TargetPlatform 'TVOSClient'
[2021.10.27-14.13.43:135][  0]LogTargetPlatformManager: Display: Loaded TargetPlatform 'TVOS'
[2021.10.27-14.13.43:307][  0]LogTargetPlatformManager: Display: Loaded TargetPlatform 'WindowsNoEditor'
[2021.10.27-14.13.43:482][  0]LogTargetPlatformManager: Display: Loaded TargetPlatform 'Windows'
[2021.10.27-14.13.43:678][  0]LogTargetPlatformManager: Display: Loaded TargetPlatform 'WindowsClient'
[2021.10.27-14.13.43:877][  0]LogTargetPlatformManager: Display: Loaded TargetPlatform 'WindowsServer'
[2021.10.27-14.13.43:877][  0]LogTargetPlatformManager: Display: Building Assets For Windows
[2021.10.27-14.13.44:248][  0]LogAudioDebug: Display: Lib vorbis DLL was dynamically loaded.
[2021.10.27-14.13.45:714][  0]LogTextureFormatOodle: Display: Oodle Texture 2.9.0 init RDO Off
[2021.10.27-14.13.47:257][  0]LogRendererCore: Ray tracing is disabled. Reason: r.RayTracing=0.
[2021.10.27-14.13.47:257][  0]LogShaderCompilers: Guid format shader working directory is -23 characters bigger than the processId version (../../../../../../Users/ianle/Documents/Unreal Projects/FlowerSimTry2/Intermediate/Shaders/WorkingDirectory/5640/).
[2021.10.27-14.13.47:257][  0]LogShaderCompilers: Cleaned the shader compiler working directory 'C:/Users/ianle/AppData/Local/Temp/UnrealShaderWorkingDir/B0A5DC954B6D8CD3F94ECEB3111D8A04/'.
[2021.10.27-14.13.47:257][  0]LogXGEController: Cannot use XGE Controller as Incredibuild is not installed on this machine.
[2021.10.27-14.13.47:257][  0]LogShaderCompilers: Cannot use XGE Shader Compiler as Incredibuild is not installed on this machine.
[2021.10.27-14.13.47:257][  0]LogShaderCompilers: Display: Using Local Shader Compiler.
[2021.10.27-14.13.48:245][  0]LogDerivedDataCache: Display: Max Cache Size: 512 MB
[2021.10.27-14.13.48:519][  0]LogDerivedDataCache: Loaded boot cache 0.27s 94MB C:/Users/ianle/AppData/Local/UnrealEngine/4.27/DerivedDataCache/Boot.ddc.
[2021.10.27-14.13.48:519][  0]LogDerivedDataCache: Display: Loaded Boot cache: C:/Users/ianle/AppData/Local/UnrealEngine/4.27/DerivedDataCache/Boot.ddc
[2021.10.27-14.13.48:519][  0]LogDerivedDataCache: FDerivedDataBackendGraph:  Pak pak cache file ../../../../../../Users/ianle/Documents/Unreal Projects/FlowerSimTry2/DerivedDataCache/DDC.ddp not found, will not use a pak cache.
[2021.10.27-14.13.48:519][  0]LogDerivedDataCache: Unable to find inner node Pak for hierarchical cache Hierarchy.
[2021.10.27-14.13.48:519][  0]LogDerivedDataCache: FDerivedDataBackendGraph:  CompressedPak pak cache file ../../../../../../Users/ianle/Documents/Unreal Projects/FlowerSimTry2/DerivedDataCache/Compressed.ddp not found, will not use a pak cache.
[2021.10.27-14.13.48:520][  0]LogDerivedDataCache: Unable to find inner node CompressedPak for hierarchical cache Hierarchy.
[2021.10.27-14.13.48:541][  0]LogDerivedDataCache: Display: Pak cache opened for reading ../../../Engine/DerivedDataCache/Compressed.ddp.
[2021.10.27-14.13.48:541][  0]LogDerivedDataCache: FDerivedDataBackendGraph:  EnterprisePak pak cache file ../../../Enterprise/DerivedDataCache/Compressed.ddp not found, will not use a pak cache.
[2021.10.27-14.13.48:541][  0]LogDerivedDataCache: Unable to find inner node EnterprisePak for hierarchical cache Hierarchy.
[2021.10.27-14.13.48:558][  0]LogDerivedDataCache: Speed tests for C:/Users/ianle/AppData/Local/UnrealEngine/Common/DerivedDataCache took 0.02 seconds
[2021.10.27-14.13.48:558][  0]LogDerivedDataCache: Display: Performance to C:/Users/ianle/AppData/Local/UnrealEngine/Common/DerivedDataCache: Latency=0.32ms. RandomReadSpeed=203.33MBs, RandomWriteSpeed=106.83MBs. Assigned SpeedClass 'Local'
[2021.10.27-14.13.48:559][  0]LogDerivedDataCache: Using Local data cache path C:/Users/ianle/AppData/Local/UnrealEngine/Common/DerivedDataCache: Writable
[2021.10.27-14.13.48:559][  0]LogDerivedDataCache: Shared data cache path not found in *engine.ini, will not use an Shared cache.
[2021.10.27-14.13.48:559][  0]LogDerivedDataCache: Unable to find inner node Shared for hierarchical cache Hierarchy.
[2021.10.27-14.13.48:606][  0]LogSlate: Using FreeType 2.10.0
[2021.10.27-14.13.48:612][  0]LogSlate: SlateFontServices - WITH_FREETYPE: 1, WITH_HARFBUZZ: 1
[2021.10.27-14.13.48:835][  0]LogAssetRegistry: FAssetRegistry took 0.0051 seconds to start up
[2021.10.27-14.13.49:472][  0]LogInit: Selected Device Profile: [Windows]
[2021.10.27-14.13.49:473][  0]LogInit: Active device profile: [000001CD26414F00][000001CD1CB8C980 49] Windows
[2021.10.27-14.13.49:474][  0]LogInit: Profiles: [000001CD26414F00][000001CD1CB8C980 49] Windows, [000001CD263CE400][000001CD25B7CAC0 49] WindowsNoEditor, [000001CD26415F00][000001CD25B8AC00 49] WindowsServer, [000001CD263CD600][000001CD1C1BED40 49] WindowsClient, [000001CD26415000][000001CD1C1C6EC0 49] IOS, [000001CD263CFA00][000001CD1C1CB040 49] iPadAir, [000001CD26417300][000001CD259BD1C0 49] iPadAir2, [000001CD26389300][000001CD259C5480 49] IPadPro, [000001CD26389400][000001CD259C14C0 49] iPadAir3, [000001CD263CCB00][000001CD259C9640 49] iPadAir4, [000001CD2638A100][000001CD259CD7C0 49] iPadMini2, [000001CD263CF400][000001CD259D1940 49] iPadMini3, [000001CD2638AC00][000001CD259D5AC0 49] iPadMini4, [000001CD263CE700][000001CD259D80C0 49] iPadMini5, [000001CD263ACE00][000001CD259E0380 49] iPhone6, [000001CD263ACF00][000001CD259DC3C0 49] iPodTouch6, [000001CD26416800][000001CD259E8680 49] iPhone7, [000001CD26416900][000001CD259E46C0 49] iPodTouch7, [000001CD26388C00][000001CD259EC840 49] iPhone5S, [000001CD26415300][000001CD259F09C0 49] iPhone6Plus, [000001CD2638AA00][000001CD259F4B40 49] iPhone6S, [000001CD26416D00][000001CD1C1C2C80 49] iPhone6SPlus, [000001CD263AC100][000001CD259F8DC0 49] iPhone7Plus, [000001CD26389D00][000001CD259FCF00 49] iPhoneSE, [000001CD263ACC00][000001CD25A05080 49] iPhone8, [000001CD26388400][000001CD25A09200 49] iPhone8Plus, [000001CD263AEA00][000001CD25A0D380 49] iPhoneX, [000001CD2638BC00][000001CD25A11500 49] iPhoneXS, [000001CD263AE900][000001CD25A15680 49] iPhoneXSMax, [000001CD26388B00][000001CD25EB7800 49] iPhoneXR, [000001CD26417800][000001CD25EBB980 49] iPhone11, [000001CD2638BD00][000001CD25EBFB00 49] iPhone11Pro, [000001CD26415C00][000001CD25EC2100 49] iPhone11ProMax, [000001CD26389100][000001CD25EC6280 49] iPhoneSE2, [000001CD26415200][000001CD25ECA400 49] iPhone12Mini, [000001CD2638B100][000001CD25ECE580 49] iPhone12, [000001CD26414900][000001CD25ED2700 49] iPhone12Pro, [000001CD26388D00][000001CD25ED6880 49] iPhone12ProMax, [000001CD26417C00][000001CD25EDAA00 49] iPadPro105, [000001CD2638B700][000001CD25EDEB80 49] iPadPro129, [000001CD26417000][000001CD25EE2D00 49] iPadPro97, [000001CD26388F00][000001CD25A00E40 49] iPadPro2_129, [000001CD26414C00][000001CD25EE6F80 49] iPad5, [000001CD2638BB00][000001CD25EEB0C0 49] iPad6, [000001CD26414400][000001CD25EF3240 49] iPad7, [000001CD2638BE00][000001CD25EF73C0 49] iPad8, [000001CD26415B00][000001CD25EFB540 49] iPadPro11, [000001CD2638A400][000001CD25EFF6C0 49] iPadPro2_11, [000001CD26414800][000001CD25F03840 49] iPadPro3_129, [000001CD2638A800][000001CD25F079C0 49] iPadPro4_129, [000001CD26416F00][000001CD25F0BB40 49] AppleTV, [000001CD26389200][000001CD25F0E140 49] AppleTV4K, [000001CD26415700][000001CD25F122C0 49] TVOS, [000001CD2638B600][000001CD25F16440 49] Mac, [000001CD26417A00][000001CD257FE5C0 49] MacClient, [000001CD2638A500][000001CD25802740 49] MacNoEditor, [000001CD26414500][000001CD258068C0 49] MacServer, [000001CD2638A000][000001CD2580AA40 49] Linux, [000001CD26417B00][000001CD2580EBC0 49] LinuxAArch64, [000001CD26388300][000001CD25812D40 49] LinuxNoEditor, [000001CD26417700][000001CD25816EC0 49] LinuxAArch64NoEditor, [000001CD2638A600][000001CD25EEF000 49] LinuxClient, [000001CD26416600][000001CD2581B140 49] LinuxAArch64Client, [000001CD26389A00][000001CD2581F280 49] LinuxServer, [000001CD26414200][000001CD258233C0 49] LinuxAArch64Server, [000001CD26389600][000001CD2582B540 49] Android, [000001CD26416100][000001CD2582F6C0 49] Android_Low, [000001CD2638B800][000001CD25833840 49] Android_Mid, [000001CD26414600][000001CD258379C0 49] Android_High, [000001CD2638A300][000001CD2583BB40 49] Android_Default, [000001CD26416300][000001CD2583E140 49] Android_Adreno4xx, [000001CD2638B000][000001CD258422C0 49] Android_Adreno5xx_Low, [000001CD26416A00][000001CD25846440 49] Android_Adreno5xx, [000001CD26388100][000001CD2584A5C0 49] Android_Adreno6xx, [000001CD26414B00][000001CD2584E740 49] Android_Adreno6xx_Vulkan, [000001CD26388A00][000001CD258528C0 49] Android_Mali_T6xx, [000001CD26414700][000001CD25856A40 49] Android_Mali_T7xx, [000001CD263CDA00][000001CD2585ABC0 49] Android_Mali_T8xx, [000001CD263AC300][000001CD2585ED40 49] Android_Mali_G71, [000001CD263CC600][000001CD25862EC0 49] Android_Mali_G72, [000001CD263AD200][000001CD25867040 49] Android_Mali_G72_Vulkan, [000001CD263CFE00][000001CD25827180 49] Android_Mali_G76, [000001CD263AC700][000001CD2586B2C0 49] Android_Mali_G76_Vulkan, [000001CD263CFD00][000001CD2586F400 49] Android_Mali_G77, [000001CD263AFB00][000001CD27545540 49] Android_Mali_G77_Vulkan, [000001CD263CDB00][000001CD2754D6C0 49] Android_Mali_G78, [000001CD263AF100][000001CD27551840 49] Android_Mali_G78_Vulkan, [000001CD263CF900][000001CD275559C0 49] Android_Mali_G710, [000001CD263AEC00][000001CD27559B40 49] Android_Mali_G710_Vulkan, [000001CD263CF600][000001CD2755C140 49] Android_Vulkan_SM5, [000001CD263AF800][000001CD275602C0 49] Android_PowerVR_G6xxx, [000001CD263CD900][000001CD27564440 49] Android_PowerVR_GT7xxx, [000001CD263ADD00][000001CD275685C0 49] Android_PowerVR_GE8xxx, [000001CD263CED00][000001CD2756C740 49] Android_PowerVR_GM9xxx, [000001CD263AC800][000001CD275708C0 49] Android_PowerVR_GM9xxx_Vulkan, [000001CD263CDC00][000001CD27574A40 49] Android_TegraK1, [000001CD263AD000][000001CD27578BC0 49] Android_Unknown_Vulkan, [000001CD263CE300][000001CD2757CD40 49] Lumin, [000001CD263AFE00][000001CD27580EC0 49] Lumin_Desktop, [000001CD263CEB00][000001CD27585040 49] HoloLens, 
[2021.10.27-14.13.51:211][  0]LogMeshReduction: Using QuadricMeshReduction for automatic static mesh reduction
[2021.10.27-14.13.51:211][  0]LogMeshReduction: Using SimplygonMeshReduction for automatic skeletal mesh reduction
[2021.10.27-14.13.51:211][  0]LogMeshReduction: Using ProxyLODMeshReduction for automatic mesh merging
[2021.10.27-14.13.51:211][  0]LogMeshReduction: No distributed automatic mesh merging module available
[2021.10.27-14.13.51:211][  0]LogMeshMerging: No distributed automatic mesh merging module available
[2021.10.27-14.13.51:992][  0]LogNetVersion: FlowerSim 1.0.0, NetCL: 17155196, EngineNetVer: 17, GameNetVer: 0 (Checksum: 418921016)
[2021.10.27-14.13.53:004][  0]LogTexture: Default maximum texture size for cubemaps generated from long-lat sources has been changed from 512 to unlimited. In order to preserve old behaiour for '/Engine/MapTemplates/Sky/DaylightAmbientCubemap.DaylightAmbientCubemap', its maximum texture size has been explicitly set to 512.
[2021.10.27-14.13.53:127][  0]LogHMD: PokeAHoleMaterial loaded successfully
[2021.10.27-14.13.53:139][  0]LogUObjectArray: 17178 objects as part of root set at end of initial load.
[2021.10.27-14.13.53:139][  0]LogUObjectAllocator: 4301856 out of 0 bytes used by permanent object pool.
[2021.10.27-14.13.53:139][  0]LogUObjectArray: CloseDisregardForGC: 0/0 objects in disregard for GC pool
[2021.10.27-14.14.00:951][  0]LogNiagaraDebuggerClient: Niagara Debugger Client Initialized | Session: 4CABF2334093FE2008F56EB39072A662 | Instance: CFDCC7C74474F590CCECA0A719499B5A (LAPTOP-B3TCS9V2-5640).
[2021.10.27-14.14.02:539][  0]LogImageWrapper: Warning: PNG Warning: Duplicate iCCP chunk
[2021.10.27-14.14.02:539][  0]LogImageWrapper: Warning: PNG Warning: Duplicate iCCP chunk
[2021.10.27-14.14.04:325][  0]LogUdpMessaging: Initializing bridge on interface 0.0.0.0:0 to multicast group 230.0.0.1:6666.
[2021.10.27-14.14.04:486][  0]LogTcpMessaging: Initializing TcpMessaging bridge
[2021.10.27-14.14.04:826][  0]LogPython: Using Python 3.7.7
[2021.10.27-14.14.12:223][  0]SourceControl: Source control is disabled
[2021.10.27-14.14.12:223][  0]SourceControl: Source control is disabled
[2021.10.27-14.14.12:406][  0]SourceControl: Source control is disabled
[2021.10.27-14.14.12:556][  0]SourceControl: Source control is disabled
[2021.10.27-14.14.12:871][  0]SourceControl: Source control is disabled
[2021.10.27-14.14.13:179][  0]LogUProjectInfo: Found projects:
[2021.10.27-14.14.19:539][  0]LogOpenImageDenoise: OIDN starting up
[2021.10.27-14.14.20:344][  0]LogAndroidPermission: UAndroidPermissionCallbackProxy::GetInstance
[2021.10.27-14.14.21:248][  0]LogAudioCaptureCore: Display: No Audio Capture implementations found. Audio input will be silent.
[2021.10.27-14.14.21:248][  0]LogAudioCaptureCore: Display: No Audio Capture implementations found. Audio input will be silent.
[2021.10.27-14.14.23:154][  0]LogCollectionManager: Loaded 0 collections in 0.001745 seconds
[2021.10.27-14.14.23:812][  0]LogFileCache: Scanning file cache for directory 'C:/Users/ianle/Documents/Unreal Projects/FlowerSimTry2/Saved/Collections/' took 0.00s
[2021.10.27-14.14.23:812][  0]LogFileCache: Scanning file cache for directory 'C:/Users/ianle/Documents/Unreal Projects/FlowerSimTry2/Content/Developers/ianle/Collections/' took 0.00s
[2021.10.27-14.14.23:812][  0]LogFileCache: Scanning file cache for directory 'C:/Users/ianle/Documents/Unreal Projects/FlowerSimTry2/Content/Collections/' took 0.00s
[2021.10.27-14.14.23:827][  0]LogOcInput: OculusInput pre-init called
[2021.10.27-14.14.24:832][  0]LogImageWrapper: Warning: PNG Warning: Duplicate iCCP chunk
[2021.10.27-14.14.24:832][  0]LogImageWrapper: Warning: PNG Warning: Duplicate iCCP chunk
[2021.10.27-14.14.25:877][  0]LogEngine: Initializing Engine...
[2021.10.27-14.14.25:898][  0]LogHMD: Failed to enumerate extensions. Please check that you have a valid OpenXR runtime installed.
[2021.10.27-14.14.25:898][  0]LogHMD: Failed to initialize OpenVR with code 110
[2021.10.27-14.14.25:899][  0]LogMagicLeap: Warning: VR disabled because ZI is not enabled.  To enable, in the editor, Edit -> Project Settings -> Plugins -> Magic Leap Plugin -> Enable Zero Iteration
[2021.10.27-14.14.25:904][  0]LogStats: UGameplayTagsManager::InitializeManager -  0.002 s
[2021.10.27-14.14.27:303][  0]LogInit: Initializing FReadOnlyCVARCache
[2021.10.27-14.14.28:283][  0]LogAIModule: Creating AISystem for world Untitled
[2021.10.27-14.14.28:306][  0]LogAudio: Display: Initializing Audio Device Manager...
[2021.10.27-14.14.28:508][  0]LogAudio: Display: Loading Default Audio Settings Objects...
[2021.10.27-14.14.28:512][  0]LogAudio: Display: No default SoundConcurrencyObject specified (or failed to load).
[2021.10.27-14.14.28:517][  0]LogAudio: Display: Audio Device Manager Initialized
[2021.10.27-14.14.28:517][  0]LogAudio: Display: Creating Audio Device:                 Id: 1, Scope: Shared, Realtime: True
[2021.10.27-14.14.28:520][  0]LogAudioMixer: Display: Audio Mixer Platform Settings:
[2021.10.27-14.14.28:520][  0]LogAudioMixer: Display: 	Sample Rate:						  48000
[2021.10.27-14.14.28:520][  0]LogAudioMixer: Display: 	Callback Buffer Frame Size Requested: 1024
[2021.10.27-14.14.28:520][  0]LogAudioMixer: Display: 	Callback Buffer Frame Size To Use:	  1024
[2021.10.27-14.14.28:520][  0]LogAudioMixer: Display: 	Number of buffers to queue:			  2
[2021.10.27-14.14.28:520][  0]LogAudioMixer: Display: 	Max Channels (voices):				  32
[2021.10.27-14.14.28:520][  0]LogAudioMixer: Display: 	Number of Async Source Workers:		  0
[2021.10.27-14.14.28:520][  0]LogAudio: Display: AudioDevice MaxSources: 32
[2021.10.27-14.14.28:523][  0]LogAudio: Display: Audio Spatialization Plugin: None (built-in).
[2021.10.27-14.14.28:523][  0]LogAudio: Display: Audio Reverb Plugin: None (built-in).
[2021.10.27-14.14.28:523][  0]LogAudio: Display: Audio Occlusion Plugin: None (built-in).
[2021.10.27-14.14.28:523][  0]LogAudioMixer: Display: Initializing audio mixer.
[2021.10.27-14.14.28:556][  0]LogAudioMixer: Display: 0: FrontLeft
[2021.10.27-14.14.28:556][  0]LogAudioMixer: Display: 1: FrontRight
[2021.10.27-14.14.29:287][  0]LogAudioMixer: Display: Using Audio Device Headphones (Realtek(R) Audio)
[2021.10.27-14.14.29:376][  0]LogAudioMixer: Display: Initializing Sound Submixes...
[2021.10.27-14.14.29:503][  0]LogAudioMixer: Display: Creating Master Submix 'MasterSubmixDefault'
[2021.10.27-14.14.29:504][  0]LogAudioMixer: Display: Creating Master Submix 'MasterReverbSubmixDefault'
[2021.10.27-14.14.29:505][  0]LogAudioMixer: Display: Creating Master Submix 'MasterEQSubmixDefault'
[2021.10.27-14.14.29:505][  0]LogAudioMixer: FMixerPlatformXAudio2::StartAudioStream() called
[2021.10.27-14.14.29:505][  0]LogAudioMixer: Display: Output buffers initialized: Frames=1024, Channels=2, Samples=2048
[2021.10.27-14.14.29:533][  0]LogAudioMixer: Display: Starting AudioMixerPlatformInterface::RunInternal()
[2021.10.27-14.14.29:533][  0]LogAudioMixer: Display: FMixerPlatformXAudio2::SubmitBuffer() called for the first time
[2021.10.27-14.14.29:533][  0]LogInit: FAudioDevice initialized.
[2021.10.27-14.14.29:539][  0]LogAudio: Display: Audio Device (ID: 1) registered with world 'Untitled'.
[2021.10.27-14.14.29:541][  0]LogNetVersion: Set ProjectVersion to 1.0.0.0. Version Checksum will be recalculated on next use.
[2021.10.27-14.14.29:544][  0]LogDerivedDataCache: Error: Could not save memory cache C:/Users/ianle/AppData/Local/UnrealEngine/4.27/DerivedDataCache/Boot.ddc.
[2021.10.27-14.14.29:584][  0]LogInit: Texture streaming: Enabled
[2021.10.27-14.14.30:309][  0]LogAnalytics: Display: [UEEditor.Rocket.Release] APIServer = https://datarouter.ol.epicgames.com/. AppVersion = 4.27.1-17735300+++UE4+Release-4.27
[2021.10.27-14.14.30:477][  0]LogEngineSessionManager: EngineSessionManager initialized
[2021.10.27-14.14.31:366][  0]LogInit: Transaction tracking system initialized
[2021.10.27-14.14.32:580][  0]BlueprintLog: New page: Editor Load
[2021.10.27-14.14.35:259][  0]LocalizationService: Localization service is disabled
[2021.10.27-14.14.36:309][  0]TimingProfiler: Initialize
[2021.10.27-14.14.36:309][  0]TimingProfiler: OnSessionChanged
[2021.10.27-14.14.36:309][  0]LoadingProfiler: Initialize
[2021.10.27-14.14.36:310][  0]LoadingProfiler: OnSessionChanged
[2021.10.27-14.14.36:310][  0]NetworkingProfiler: Initialize
[2021.10.27-14.14.36:310][  0]NetworkingProfiler: OnSessionChanged
[2021.10.27-14.14.36:310][  0]MemoryProfiler: Initialize
[2021.10.27-14.14.36:310][  0]MemoryProfiler: OnSessionChanged
[2021.10.27-14.14.38:426][  0]LogFileCache: Scanning file cache for directory 'C:/Users/ianle/Documents/Unreal Projects/FlowerSimTry2/Content/' took 0.00s
[2021.10.27-14.14.38:426][  0]LogCook: Display: CookSettings for Memory: MemoryMaxUsedVirtual 0MiB, MemoryMaxUsedPhysical 16384MiB, MemoryMinFreeVirtual 0MiB, MemoryMinFreePhysical 1024MiB
[2021.10.27-14.14.38:426][  0]LogCook: Display: Mobile HDR setting 1
[2021.10.27-14.14.44:757][  0]LogImageWrapper: Warning: PNG Warning: Duplicate iCCP chunk
[2021.10.27-14.14.44:757][  0]LogImageWrapper: Warning: PNG Warning: Duplicate iCCP chunk
[2021.10.27-14.14.45:073][  0]LogInit: Display: Engine is initialized. Leaving FEngineLoop::Init()
[2021.10.27-14.14.45:082][  0]SourceControl: Source control is disabled
[2021.10.27-14.14.45:083][  0]LogUnrealEdMisc: Loading editor; pre map load, took 81.104
[2021.10.27-14.14.45:084][  0]Cmd: MAP LOAD FILE="../../../Engine/Content/Maps/Templates/Template_Default.umap" TEMPLATE=1 SHOWPROGRESS=1 FEATURELEVEL=3
[2021.10.27-14.14.45:088][  0]LightingResults: New page: Lighting Build
[2021.10.27-14.14.45:101][  0]LogWorld: UWorld::CleanupWorld for Untitled, bSessionEnded=true, bCleanupResources=true
[2021.10.27-14.14.45:104][  0]LogSlate: InvalidateAllWidgets triggered.  All widgets were invalidated
[2021.10.27-14.14.45:107][  0]MapCheck: New page: Map Check
[2021.10.27-14.14.45:107][  0]LightingResults: New page: Lighting Build
[2021.10.27-14.14.45:139][  0]LogAudio: Display: Audio Device unregistered from world 'None'.
[2021.10.27-14.14.45:165][  0]LogUObjectHash: Compacting FUObjectHashTables data took  11.81ms
[2021.10.27-14.14.45:276][  0]LogTexture: Display: Building textures: DeprecatedTextureEB9CBE3C423008B5E8E130901E171C89 (BGRA8, 128X128)
[2021.10.27-14.14.45:299][  0]LogAudio: Display: Audio Device (ID: 1) registered with world 'Untitled_1'.
[2021.10.27-14.14.45:308][  0]LogAIModule: Creating AISystem for world Untitled_1
[2021.10.27-14.14.45:335][  0]LogEditorServer: Finished looking for orphan Actors (0.000 secs)
[2021.10.27-14.14.45:348][  0]LogUObjectHash: Compacting FUObjectHashTables data took   0.98ms
[2021.10.27-14.14.45:349][  0]Cmd: MAP CHECKDEP NOCLEARLOG
[2021.10.27-14.14.45:349][  0]MapCheck: Map check complete: 0 Error(s), 0 Warning(s), took 0.439ms to complete.
[2021.10.27-14.14.45:349][  0]LogFileHelpers: Loading map 'Template_Default' took 0.266
[2021.10.27-14.14.45:378][  0]LogUnrealEdMisc: Total Editor Startup Time, took 81.399
[2021.10.27-14.14.45:620][  0]LogSlate: Updating window title bar state: overlay mode, drag disabled, window buttons hidden, title bar hidden
[2021.10.27-14.14.45:634][  0]LogSlate: Updating window title bar state: overlay mode, drag disabled, window buttons hidden, title bar hidden
[2021.10.27-14.14.45:642][  0]LogSlate: Updating window title bar state: overlay mode, drag disabled, window buttons hidden, title bar hidden
[2021.10.27-14.14.45:653][  0]LogSlate: Updating window title bar state: overlay mode, drag disabled, window buttons hidden, title bar hidden
[2021.10.27-14.14.45:759][  0]LogNativeClassHierarchy: Verbose: Native class hierarchy populated in 0.0826 seconds. Added 3822 classes and 928 folders.
[2021.10.27-14.14.45:772][  0]LogNativeClassHierarchy: Verbose: Native class hierarchy updated for 'WidgetCarousel' in 0.0004 seconds. Added 0 classes and 0 folders.
[2021.10.27-14.14.45:781][  0]LogPakFile: PakFile PrimaryIndexSize=187
[2021.10.27-14.14.45:781][  0]LogPakFile: PakFile PathHashIndexSize=101
[2021.10.27-14.14.45:781][  0]LogPakFile: PakFile FullDirectoryIndexSize=148
[2021.10.27-14.14.45:783][  0]LogShaderLibrary: Display: ShaderCodeLibraryPakFileMountedCallback: PakFile 'C:/Program Files/Epic Games/UE_4.27/FeaturePacks/FP_FirstPerson.upack' (chunk index -1, root 'root:/') mounted
[2021.10.27-14.14.45:783][  0]LogShaderLibrary: Display: ShaderCodeLibraryPakFileMountedCallback: pending pak file info (ChunkID:-1 Root:root:/ File:C:/Program Files/Epic Games/UE_4.27/FeaturePacks/FP_FirstPerson.upack)
[2021.10.27-14.14.45:783][  0]LogPakFile: OnPakFileMounted2Time == 0.001615
[2021.10.27-14.14.45:786][  0]LogPakFile: PakFile PrimaryIndexSize=189
[2021.10.27-14.14.45:786][  0]LogPakFile: PakFile PathHashIndexSize=101
[2021.10.27-14.14.45:786][  0]LogPakFile: PakFile FullDirectoryIndexSize=152
[2021.10.27-14.14.45:786][  0]LogShaderLibrary: Display: ShaderCodeLibraryPakFileMountedCallback: PakFile 'C:/Program Files/Epic Games/UE_4.27/FeaturePacks/FP_FirstPersonBP.upack' (chunk index -1, root 'root:/') mounted
[2021.10.27-14.14.45:787][  0]LogShaderLibrary: Display: ShaderCodeLibraryPakFileMountedCallback: pending pak file info (ChunkID:-1 Root:root:/ File:C:/Program Files/Epic Games/UE_4.27/FeaturePacks/FP_FirstPersonBP.upack)
[2021.10.27-14.14.45:787][  0]LogPakFile: OnPakFileMounted2Time == 0.000162
[2021.10.27-14.14.45:788][  0]LogPakFile: PakFile PrimaryIndexSize=191
[2021.10.27-14.14.45:788][  0]LogPakFile: PakFile PathHashIndexSize=101
[2021.10.27-14.14.45:788][  0]LogPakFile: PakFile FullDirectoryIndexSize=160
[2021.10.27-14.14.45:788][  0]LogShaderLibrary: Display: ShaderCodeLibraryPakFileMountedCallback: PakFile 'C:/Program Files/Epic Games/UE_4.27/FeaturePacks/MobileStarterContent.upack' (chunk index -1, root 'root:/') mounted
[2021.10.27-14.14.45:788][  0]LogShaderLibrary: Display: ShaderCodeLibraryPakFileMountedCallback: pending pak file info (ChunkID:-1 Root:root:/ File:C:/Program Files/Epic Games/UE_4.27/FeaturePacks/MobileStarterContent.upack)
[2021.10.27-14.14.45:788][  0]LogPakFile: OnPakFileMounted2Time == 0.000036
[2021.10.27-14.14.45:790][  0]LogPakFile: PakFile PrimaryIndexSize=185
[2021.10.27-14.14.45:790][  0]LogPakFile: PakFile PathHashIndexSize=101
[2021.10.27-14.14.45:790][  0]LogPakFile: PakFile FullDirectoryIndexSize=148
[2021.10.27-14.14.45:790][  0]LogShaderLibrary: Display: ShaderCodeLibraryPakFileMountedCallback: PakFile 'C:/Program Files/Epic Games/UE_4.27/FeaturePacks/StarterContent.upack' (chunk index -1, root 'root:/') mounted
[2021.10.27-14.14.45:790][  0]LogShaderLibrary: Display: ShaderCodeLibraryPakFileMountedCallback: pending pak file info (ChunkID:-1 Root:root:/ File:C:/Program Files/Epic Games/UE_4.27/FeaturePacks/StarterContent.upack)
[2021.10.27-14.14.45:790][  0]LogPakFile: OnPakFileMounted2Time == 0.000036
[2021.10.27-14.14.45:791][  0]LogPakFile: PakFile PrimaryIndexSize=190
[2021.10.27-14.14.45:791][  0]LogPakFile: PakFile PathHashIndexSize=101
[2021.10.27-14.14.45:791][  0]LogPakFile: PakFile FullDirectoryIndexSize=154
[2021.10.27-14.14.45:791][  0]LogShaderLibrary: Display: ShaderCodeLibraryPakFileMountedCallback: PakFile 'C:/Program Files/Epic Games/UE_4.27/FeaturePacks/TP_2DSideScroller.upack' (chunk index -1, root 'root:/') mounted
[2021.10.27-14.14.45:791][  0]LogShaderLibrary: Display: ShaderCodeLibraryPakFileMountedCallback: pending pak file info (ChunkID:-1 Root:root:/ File:C:/Program Files/Epic Games/UE_4.27/FeaturePacks/TP_2DSideScroller.upack)
[2021.10.27-14.14.45:791][  0]LogPakFile: OnPakFileMounted2Time == 0.000034
[2021.10.27-14.14.45:792][  0]LogPakFile: PakFile PrimaryIndexSize=192
[2021.10.27-14.14.45:792][  0]LogPakFile: PakFile PathHashIndexSize=101
[2021.10.27-14.14.45:792][  0]LogPakFile: PakFile FullDirectoryIndexSize=158
[2021.10.27-14.14.45:792][  0]LogShaderLibrary: Display: ShaderCodeLibraryPakFileMountedCallback: PakFile 'C:/Program Files/Epic Games/UE_4.27/FeaturePacks/TP_2DSideScrollerBP.upack' (chunk index -1, root 'root:/') mounted
[2021.10.27-14.14.45:792][  0]LogShaderLibrary: Display: ShaderCodeLibraryPakFileMountedCallback: pending pak file info (ChunkID:-1 Root:root:/ File:C:/Program Files/Epic Games/UE_4.27/FeaturePacks/TP_2DSideScrollerBP.upack)
[2021.10.27-14.14.45:792][  0]LogPakFile: OnPakFileMounted2Time == 0.000039
[2021.10.27-14.14.45:793][  0]LogPakFile: PakFile PrimaryIndexSize=182
[2021.10.27-14.14.45:793][  0]LogPakFile: PakFile PathHashIndexSize=101
[2021.10.27-14.14.45:793][  0]LogPakFile: PakFile FullDirectoryIndexSize=138
[2021.10.27-14.14.45:793][  0]LogShaderLibrary: Display: ShaderCodeLibraryPakFileMountedCallback: PakFile 'C:/Program Files/Epic Games/UE_4.27/FeaturePacks/TP_Flying.upack' (chunk index -1, root 'root:/') mounted
[2021.10.27-14.14.45:793][  0]LogShaderLibrary: Display: ShaderCodeLibraryPakFileMountedCallback: pending pak file info (ChunkID:-1 Root:root:/ File:C:/Program Files/Epic Games/UE_4.27/FeaturePacks/TP_Flying.upack)
[2021.10.27-14.14.45:793][  0]LogPakFile: OnPakFileMounted2Time == 0.000029
[2021.10.27-14.14.45:794][  0]LogPakFile: PakFile PrimaryIndexSize=184
[2021.10.27-14.14.45:794][  0]LogPakFile: PakFile PathHashIndexSize=101
[2021.10.27-14.14.45:794][  0]LogPakFile: PakFile FullDirectoryIndexSize=142
[2021.10.27-14.14.45:794][  0]LogShaderLibrary: Display: ShaderCodeLibraryPakFileMountedCallback: PakFile 'C:/Program Files/Epic Games/UE_4.27/FeaturePacks/TP_FlyingBP.upack' (chunk index -1, root 'root:/') mounted
[2021.10.27-14.14.45:794][  0]LogShaderLibrary: Display: ShaderCodeLibraryPakFileMountedCallback: pending pak file info (ChunkID:-1 Root:root:/ File:C:/Program Files/Epic Games/UE_4.27/FeaturePacks/TP_FlyingBP.upack)
[2021.10.27-14.14.45:794][  0]LogPakFile: OnPakFileMounted2Time == 0.000039
[2021.10.27-14.14.45:796][  0]LogPakFile: PakFile PrimaryIndexSize=188
[2021.10.27-14.14.45:796][  0]LogPakFile: PakFile PathHashIndexSize=101
[2021.10.27-14.14.45:796][  0]LogPakFile: PakFile FullDirectoryIndexSize=150
[2021.10.27-14.14.45:796][  0]LogShaderLibrary: Display: ShaderCodeLibraryPakFileMountedCallback: PakFile 'C:/Program Files/Epic Games/UE_4.27/FeaturePacks/TP_HandheldARBP.upack' (chunk index -1, root 'root:/') mounted
[2021.10.27-14.14.45:796][  0]LogShaderLibrary: Display: ShaderCodeLibraryPakFileMountedCallback: pending pak file info (ChunkID:-1 Root:root:/ File:C:/Program Files/Epic Games/UE_4.27/FeaturePacks/TP_HandheldARBP.upack)
[2021.10.27-14.14.45:796][  0]LogPakFile: OnPakFileMounted2Time == 0.000039
[2021.10.27-14.14.45:801][  0]LogPakFile: PakFile PrimaryIndexSize=182
[2021.10.27-14.14.45:801][  0]LogPakFile: PakFile PathHashIndexSize=101
[2021.10.27-14.14.45:801][  0]LogPakFile: PakFile FullDirectoryIndexSize=138
[2021.10.27-14.14.45:801][  0]LogShaderLibrary: Display: ShaderCodeLibraryPakFileMountedCallback: PakFile 'C:/Program Files/Epic Games/UE_4.27/FeaturePacks/TP_Puzzle.upack' (chunk index -1, root 'root:/') mounted
[2021.10.27-14.14.45:801][  0]LogShaderLibrary: Display: ShaderCodeLibraryPakFileMountedCallback: pending pak file info (ChunkID:-1 Root:root:/ File:C:/Program Files/Epic Games/UE_4.27/FeaturePacks/TP_Puzzle.upack)
[2021.10.27-14.14.45:801][  0]LogPakFile: OnPakFileMounted2Time == 0.000040
[2021.10.27-14.14.45:802][  0]LogPakFile: PakFile PrimaryIndexSize=184
[2021.10.27-14.14.45:802][  0]LogPakFile: PakFile PathHashIndexSize=101
[2021.10.27-14.14.45:802][  0]LogPakFile: PakFile FullDirectoryIndexSize=142
[2021.10.27-14.14.45:802][  0]LogShaderLibrary: Display: ShaderCodeLibraryPakFileMountedCallback: PakFile 'C:/Program Files/Epic Games/UE_4.27/FeaturePacks/TP_PuzzleBP.upack' (chunk index -1, root 'root:/') mounted
[2021.10.27-14.14.45:802][  0]LogShaderLibrary: Display: ShaderCodeLibraryPakFileMountedCallback: pending pak file info (ChunkID:-1 Root:root:/ File:C:/Program Files/Epic Games/UE_4.27/FeaturePacks/TP_PuzzleBP.upack)
[2021.10.27-14.14.45:802][  0]LogPakFile: OnPakFileMounted2Time == 0.000038
[2021.10.27-14.14.45:803][  0]LogPakFile: PakFile PrimaryIndexSize=183
[2021.10.27-14.14.45:803][  0]LogPakFile: PakFile PathHashIndexSize=101
[2021.10.27-14.14.45:803][  0]LogPakFile: PakFile FullDirectoryIndexSize=140
[2021.10.27-14.14.45:803][  0]LogShaderLibrary: Display: ShaderCodeLibraryPakFileMountedCallback: PakFile 'C:/Program Files/Epic Games/UE_4.27/FeaturePacks/TP_Rolling.upack' (chunk index -1, root 'root:/') mounted
[2021.10.27-14.14.45:803][  0]LogShaderLibrary: Display: ShaderCodeLibraryPakFileMountedCallback: pending pak file info (ChunkID:-1 Root:root:/ File:C:/Program Files/Epic Games/UE_4.27/FeaturePacks/TP_Rolling.upack)
[2021.10.27-14.14.45:803][  0]LogPakFile: OnPakFileMounted2Time == 0.000034
[2021.10.27-14.14.45:804][  0]LogPakFile: PakFile PrimaryIndexSize=185
[2021.10.27-14.14.45:804][  0]LogPakFile: PakFile PathHashIndexSize=101
[2021.10.27-14.14.45:804][  0]LogPakFile: PakFile FullDirectoryIndexSize=144
[2021.10.27-14.14.45:804][  0]LogShaderLibrary: Display: ShaderCodeLibraryPakFileMountedCallback: PakFile 'C:/Program Files/Epic Games/UE_4.27/FeaturePacks/TP_RollingBP.upack' (chunk index -1, root 'root:/') mounted
[2021.10.27-14.14.45:804][  0]LogShaderLibrary: Display: ShaderCodeLibraryPakFileMountedCallback: pending pak file info (ChunkID:-1 Root:root:/ File:C:/Program Files/Epic Games/UE_4.27/FeaturePacks/TP_RollingBP.upack)
[2021.10.27-14.14.45:804][  0]LogPakFile: OnPakFileMounted2Time == 0.000030
[2021.10.27-14.14.45:806][  0]LogPakFile: PakFile PrimaryIndexSize=188
[2021.10.27-14.14.45:806][  0]LogPakFile: PakFile PathHashIndexSize=101
[2021.10.27-14.14.45:806][  0]LogPakFile: PakFile FullDirectoryIndexSize=150
[2021.10.27-14.14.45:806][  0]LogShaderLibrary: Display: ShaderCodeLibraryPakFileMountedCallback: PakFile 'C:/Program Files/Epic Games/UE_4.27/FeaturePacks/TP_SideScroller.upack' (chunk index -1, root 'root:/') mounted
[2021.10.27-14.14.45:806][  0]LogShaderLibrary: Display: ShaderCodeLibraryPakFileMountedCallback: pending pak file info (ChunkID:-1 Root:root:/ File:C:/Program Files/Epic Games/UE_4.27/FeaturePacks/TP_SideScroller.upack)
[2021.10.27-14.14.45:806][  0]LogPakFile: OnPakFileMounted2Time == 0.000031
[2021.10.27-14.14.45:807][  0]LogPakFile: PakFile PrimaryIndexSize=190
[2021.10.27-14.14.45:807][  0]LogPakFile: PakFile PathHashIndexSize=101
[2021.10.27-14.14.45:807][  0]LogPakFile: PakFile FullDirectoryIndexSize=154
[2021.10.27-14.14.45:807][  0]LogShaderLibrary: Display: ShaderCodeLibraryPakFileMountedCallback: PakFile 'C:/Program Files/Epic Games/UE_4.27/FeaturePacks/TP_SideScrollerBP.upack' (chunk index -1, root 'root:/') mounted
[2021.10.27-14.14.45:807][  0]LogShaderLibrary: Display: ShaderCodeLibraryPakFileMountedCallback: pending pak file info (ChunkID:-1 Root:root:/ File:C:/Program Files/Epic Games/UE_4.27/FeaturePacks/TP_SideScrollerBP.upack)
[2021.10.27-14.14.45:807][  0]LogPakFile: OnPakFileMounted2Time == 0.000031
[2021.10.27-14.14.45:808][  0]LogPakFile: PakFile PrimaryIndexSize=187
[2021.10.27-14.14.45:808][  0]LogPakFile: PakFile PathHashIndexSize=101
[2021.10.27-14.14.45:808][  0]LogPakFile: PakFile FullDirectoryIndexSize=148
[2021.10.27-14.14.45:808][  0]LogShaderLibrary: Display: ShaderCodeLibraryPakFileMountedCallback: PakFile 'C:/Program Files/Epic Games/UE_4.27/FeaturePacks/TP_ThirdPerson.upack' (chunk index -1, root 'root:/') mounted
[2021.10.27-14.14.45:808][  0]LogShaderLibrary: Display: ShaderCodeLibraryPakFileMountedCallback: pending pak file info (ChunkID:-1 Root:root:/ File:C:/Program Files/Epic Games/UE_4.27/FeaturePacks/TP_ThirdPerson.upack)
[2021.10.27-14.14.45:808][  0]LogPakFile: OnPakFileMounted2Time == 0.000032
[2021.10.27-14.14.45:809][  0]LogPakFile: PakFile PrimaryIndexSize=189
[2021.10.27-14.14.45:809][  0]LogPakFile: PakFile PathHashIndexSize=101
[2021.10.27-14.14.45:809][  0]LogPakFile: PakFile FullDirectoryIndexSize=152
[2021.10.27-14.14.45:809][  0]LogShaderLibrary: Display: ShaderCodeLibraryPakFileMountedCallback: PakFile 'C:/Program Files/Epic Games/UE_4.27/FeaturePacks/TP_ThirdPersonBP.upack' (chunk index -1, root 'root:/') mounted
[2021.10.27-14.14.45:809][  0]LogShaderLibrary: Display: ShaderCodeLibraryPakFileMountedCallback: pending pak file info (ChunkID:-1 Root:root:/ File:C:/Program Files/Epic Games/UE_4.27/FeaturePacks/TP_ThirdPersonBP.upack)
[2021.10.27-14.14.45:809][  0]LogPakFile: OnPakFileMounted2Time == 0.000036
[2021.10.27-14.14.45:810][  0]LogPakFile: PakFile PrimaryIndexSize=183
[2021.10.27-14.14.45:810][  0]LogPakFile: PakFile PathHashIndexSize=101
[2021.10.27-14.14.45:810][  0]LogPakFile: PakFile FullDirectoryIndexSize=140
[2021.10.27-14.14.45:810][  0]LogShaderLibrary: Display: ShaderCodeLibraryPakFileMountedCallback: PakFile 'C:/Program Files/Epic Games/UE_4.27/FeaturePacks/TP_TopDown.upack' (chunk index -1, root 'root:/') mounted
[2021.10.27-14.14.45:810][  0]LogShaderLibrary: Display: ShaderCodeLibraryPakFileMountedCallback: pending pak file info (ChunkID:-1 Root:root:/ File:C:/Program Files/Epic Games/UE_4.27/FeaturePacks/TP_TopDown.upack)
[2021.10.27-14.14.45:810][  0]LogPakFile: OnPakFileMounted2Time == 0.000048
[2021.10.27-14.14.45:812][  0]LogPakFile: PakFile PrimaryIndexSize=185
[2021.10.27-14.14.45:813][  0]LogPakFile: PakFile PathHashIndexSize=101
[2021.10.27-14.14.45:813][  0]LogPakFile: PakFile FullDirectoryIndexSize=144
[2021.10.27-14.14.45:813][  0]LogShaderLibrary: Display: ShaderCodeLibraryPakFileMountedCallback: PakFile 'C:/Program Files/Epic Games/UE_4.27/FeaturePacks/TP_TopDownBP.upack' (chunk index -1, root 'root:/') mounted
[2021.10.27-14.14.45:813][  0]LogShaderLibrary: Display: ShaderCodeLibraryPakFileMountedCallback: pending pak file info (ChunkID:-1 Root:root:/ File:C:/Program Files/Epic Games/UE_4.27/FeaturePacks/TP_TopDownBP.upack)
[2021.10.27-14.14.45:813][  0]LogPakFile: OnPakFileMounted2Time == 0.000045
[2021.10.27-14.14.45:815][  0]LogPakFile: PakFile PrimaryIndexSize=185
[2021.10.27-14.14.45:815][  0]LogPakFile: PakFile PathHashIndexSize=101
[2021.10.27-14.14.45:815][  0]LogPakFile: PakFile FullDirectoryIndexSize=144
[2021.10.27-14.14.45:815][  0]LogShaderLibrary: Display: ShaderCodeLibraryPakFileMountedCallback: PakFile 'C:/Program Files/Epic Games/UE_4.27/FeaturePacks/TP_TwinStick.upack' (chunk index -1, root 'root:/') mounted
[2021.10.27-14.14.45:815][  0]LogShaderLibrary: Display: ShaderCodeLibraryPakFileMountedCallback: pending pak file info (ChunkID:-1 Root:root:/ File:C:/Program Files/Epic Games/UE_4.27/FeaturePacks/TP_TwinStick.upack)
[2021.10.27-14.14.45:815][  0]LogPakFile: OnPakFileMounted2Time == 0.000039
[2021.10.27-14.14.45:816][  0]LogPakFile: PakFile PrimaryIndexSize=187
[2021.10.27-14.14.45:816][  0]LogPakFile: PakFile PathHashIndexSize=101
[2021.10.27-14.14.45:816][  0]LogPakFile: PakFile FullDirectoryIndexSize=148
[2021.10.27-14.14.45:816][  0]LogShaderLibrary: Display: ShaderCodeLibraryPakFileMountedCallback: PakFile 'C:/Program Files/Epic Games/UE_4.27/FeaturePacks/TP_TwinStickBP.upack' (chunk index -1, root 'root:/') mounted
[2021.10.27-14.14.45:816][  0]LogShaderLibrary: Display: ShaderCodeLibraryPakFileMountedCallback: pending pak file info (ChunkID:-1 Root:root:/ File:C:/Program Files/Epic Games/UE_4.27/FeaturePacks/TP_TwinStickBP.upack)
[2021.10.27-14.14.45:816][  0]LogPakFile: OnPakFileMounted2Time == 0.000031
[2021.10.27-14.14.45:817][  0]LogPakFile: PakFile PrimaryIndexSize=183
[2021.10.27-14.14.45:817][  0]LogPakFile: PakFile PathHashIndexSize=101
[2021.10.27-14.14.45:817][  0]LogPakFile: PakFile FullDirectoryIndexSize=140
[2021.10.27-14.14.45:817][  0]LogShaderLibrary: Display: ShaderCodeLibraryPakFileMountedCallback: PakFile 'C:/Program Files/Epic Games/UE_4.27/FeaturePacks/TP_Vehicle.upack' (chunk index -1, root 'root:/') mounted
[2021.10.27-14.14.45:817][  0]LogShaderLibrary: Display: ShaderCodeLibraryPakFileMountedCallback: pending pak file info (ChunkID:-1 Root:root:/ File:C:/Program Files/Epic Games/UE_4.27/FeaturePacks/TP_Vehicle.upack)
[2021.10.27-14.14.45:817][  0]LogPakFile: OnPakFileMounted2Time == 0.000045
[2021.10.27-14.14.45:819][  0]LogPakFile: PakFile PrimaryIndexSize=186
[2021.10.27-14.14.45:819][  0]LogPakFile: PakFile PathHashIndexSize=101
[2021.10.27-14.14.45:819][  0]LogPakFile: PakFile FullDirectoryIndexSize=146
[2021.10.27-14.14.45:819][  0]LogShaderLibrary: Display: ShaderCodeLibraryPakFileMountedCallback: PakFile 'C:/Program Files/Epic Games/UE_4.27/FeaturePacks/TP_VehicleAdv.upack' (chunk index -1, root 'root:/') mounted
[2021.10.27-14.14.45:819][  0]LogShaderLibrary: Display: ShaderCodeLibraryPakFileMountedCallback: pending pak file info (ChunkID:-1 Root:root:/ File:C:/Program Files/Epic Games/UE_4.27/FeaturePacks/TP_VehicleAdv.upack)
[2021.10.27-14.14.45:819][  0]LogPakFile: OnPakFileMounted2Time == 0.000054
[2021.10.27-14.14.45:820][  0]LogPakFile: PakFile PrimaryIndexSize=188
[2021.10.27-14.14.45:820][  0]LogPakFile: PakFile PathHashIndexSize=101
[2021.10.27-14.14.45:820][  0]LogPakFile: PakFile FullDirectoryIndexSize=150
[2021.10.27-14.14.45:820][  0]LogShaderLibrary: Display: ShaderCodeLibraryPakFileMountedCallback: PakFile 'C:/Program Files/Epic Games/UE_4.27/FeaturePacks/TP_VehicleAdvBP.upack' (chunk index -1, root 'root:/') mounted
[2021.10.27-14.14.45:820][  0]LogShaderLibrary: Display: ShaderCodeLibraryPakFileMountedCallback: pending pak file info (ChunkID:-1 Root:root:/ File:C:/Program Files/Epic Games/UE_4.27/FeaturePacks/TP_VehicleAdvBP.upack)
[2021.10.27-14.14.45:820][  0]LogPakFile: OnPakFileMounted2Time == 0.000034
[2021.10.27-14.14.45:821][  0]LogPakFile: PakFile PrimaryIndexSize=185
[2021.10.27-14.14.45:821][  0]LogPakFile: PakFile PathHashIndexSize=101
[2021.10.27-14.14.45:821][  0]LogPakFile: PakFile FullDirectoryIndexSize=144
[2021.10.27-14.14.45:821][  0]LogShaderLibrary: Display: ShaderCodeLibraryPakFileMountedCallback: PakFile 'C:/Program Files/Epic Games/UE_4.27/FeaturePacks/TP_VehicleBP.upack' (chunk index -1, root 'root:/') mounted
[2021.10.27-14.14.45:821][  0]LogShaderLibrary: Display: ShaderCodeLibraryPakFileMountedCallback: pending pak file info (ChunkID:-1 Root:root:/ File:C:/Program Files/Epic Games/UE_4.27/FeaturePacks/TP_VehicleBP.upack)
[2021.10.27-14.14.45:821][  0]LogPakFile: OnPakFileMounted2Time == 0.000351
[2021.10.27-14.14.45:823][  0]LogPakFile: PakFile PrimaryIndexSize=192
[2021.10.27-14.14.45:823][  0]LogPakFile: PakFile PathHashIndexSize=101
[2021.10.27-14.14.45:823][  0]LogPakFile: PakFile FullDirectoryIndexSize=158
[2021.10.27-14.14.45:823][  0]LogShaderLibrary: Display: ShaderCodeLibraryPakFileMountedCallback: PakFile 'C:/Program Files/Epic Games/UE_4.27/FeaturePacks/TP_VirtualRealityBP.upack' (chunk index -1, root 'root:/') mounted
[2021.10.27-14.14.45:823][  0]LogShaderLibrary: Display: ShaderCodeLibraryPakFileMountedCallback: pending pak file info (ChunkID:-1 Root:root:/ File:C:/Program Files/Epic Games/UE_4.27/FeaturePacks/TP_VirtualRealityBP.upack)
[2021.10.27-14.14.45:823][  0]LogPakFile: OnPakFileMounted2Time == 0.000032
[2021.10.27-14.14.46:019][  0]LogNativeClassHierarchy: Verbose: Native class hierarchy updated for 'AddContentDialog' in 0.0008 seconds. Added 0 classes and 0 folders.
[2021.10.27-14.14.46:025][  0]LogNativeClassHierarchy: Verbose: Native class hierarchy updated for 'SceneOutliner' in 0.0003 seconds. Added 2 classes and 0 folders.
[2021.10.27-14.14.46:228][  0]LogNativeClassHierarchy: Verbose: Native class hierarchy updated for 'WorldBrowser' in 0.0004 seconds. Added 2 classes and 3 folders.
[2021.10.27-14.14.46:812][  0]LogSlate: Took 0.000951 seconds to synchronously load lazily loaded font '../../../Engine/Content/Slate/Fonts/Roboto-Regular.ttf' (155K)
[2021.10.27-14.14.46:815][  0]LogSlate: Took 0.001197 seconds to synchronously load lazily loaded font '../../../Engine/Content/Editor/Slate/Fonts/FontAwesome.ttf' (139K)
[2021.10.27-14.14.46:824][  0]LogSlate: Took 0.006494 seconds to synchronously load lazily loaded font '../../../Engine/Content/Slate/Fonts/Roboto-Bold.ttf' (160K)
[2021.10.27-14.14.47:041][  0]LogRenderer: Reallocating scene render targets to support 620x272 Format 10 NumSamples 1 (Frame:1).
[2021.10.27-14.14.47:568][  0]LogNativeClassHierarchy: Verbose: Native class hierarchy updated for 'HierarchicalLODOutliner' in 0.0004 seconds. Added 0 classes and 0 folders.
[2021.10.27-14.14.47:570][  0]LogLoad: (Engine Initialization) Total time: 83.59 seconds
[2021.10.27-14.14.47:570][  0]LogLoad: (Engine Initialization) Total Blueprint compile time: 0.00 seconds
[2021.10.27-14.14.47:610][  0]LogEditorSessionSummary: Verbose: Initializing EditorSessionSummaryWriter for editor session tracking
[2021.10.27-14.14.47:620][  0]LogEditorSessionSummary: EditorSessionSummaryWriter initialized
[2021.10.27-14.14.47:729][  0]LogContentStreaming: Texture pool size now 1000 MB
[2021.10.27-14.14.47:900][  2]LogAssetRegistry: Asset discovery search completed in 59.0664 seconds
[2021.10.27-14.14.47:922][  2]LogCollectionManager: Fixed up redirectors for 0 collections in 0.000041 seconds (updated 0 objects)
[2021.10.27-14.14.47:957][  2]LogSlate: Took 0.000788 seconds to synchronously load lazily loaded font '../../../Engine/Content/Slate/Fonts/Roboto-Light.ttf' (167K)
[2021.10.27-14.15.06:500][ 58]LogD3D11RHI: Timed out while waiting for GPU to catch up. (0.5 s) (ErrorCode 00000001) (00000000)
